<?xml version="1.0" encoding="UTF-8"?>
<testsuites name="Kelompok 4" time="899.457" tests="1" failures="0" errors="0">
   <testsuite name="Kelompok 4" tests="1" failures="0" errors="0" time="899.457" skipped="0" timestamp="2023-09-30 21:27:17" hostname="syaviraalatas - localhost" id="Test Suites/Kelompok 4">
      <properties>
         <property name="deviceName" value="emulator-5554 (sdk_gphone64_arm64 - Android 12)"/>
         <property name="devicePlatform" value=""/>
         <property name="logFolder" value="/Users/syaviraalatas/REZA/Bootcamp Binar Academy/QAE Quality Assurance Engineer/Challange Level Platinum/automation-mobile/Reports/20230930_212713/Kelompok 4/20230930_212713"/>
         <property name="logFiles" value="/Users/syaviraalatas/REZA/Bootcamp Binar Academy/QAE Quality Assurance Engineer/Challange Level Platinum/automation-mobile/Reports/20230930_212713/Kelompok 4/20230930_212713/execution0.log, /Users/syaviraalatas/REZA/Bootcamp Binar Academy/QAE Quality Assurance Engineer/Challange Level Platinum/automation-mobile/Reports/20230930_212713/Kelompok 4/20230930_212713/appium.log"/>
         <property name="attachments" value=""/>
         <property name="hostName" value="syaviraalatas - localhost"/>
         <property name="os" value="Mac OS X 64bit"/>
         <property name="appiumServerStatus" value="{&quot;value&quot;:{&quot;build&quot;:{&quot;version&quot;:&quot;1.22.3&quot;}},&quot;sessionId&quot;:null,&quot;status&quot;:0}"/>
         <property name="katalonVersion" value="8.6.6.208"/>
         <property name="deviceOS" value="Android"/>
         <property name="appiumVersion" value="1.22.3"/>
         <property name="deviceModel" value="sdk_gphone64_arm64"/>
         <property name="hostAddress" value="127.0.0.1"/>
         <property name="deviceManufacturer" value="Google"/>
         <property name="deviceId" value="emulator-5554"/>
         <property name="deviceName" value="emulator-5554 (sdk_gphone64_arm64 - Android 12)"/>
         <property name="deviceOSVersion" value="12"/>
      </properties>
      <testcase name="Test Cases/cucumber/cucumber" time="898.895" classname="Test Cases/cucumber/cucumber" status="PASSED">
         <system-out><![CDATA[2023-09-30 21:27:18 - [TEST_CASE][PASSED] - Test Cases/cucumber/cucumber: Test Cases/cucumber/cucumber

2023-09-30 21:27:18 - [TEST_STEP][PASSED] - runWithCucumberRunner(Runner): Run with 'Runner' was passed

2023-09-30 21:27:19 - [MESSAGE][INFO] - User set preference: ['appWaitActivity', '*']

2023-09-30 21:27:19 - [MESSAGE][INFO] - User set preference: ['appWaitforLaunch', 'false']

2023-09-30 21:27:19 - [MESSAGE][INFO] - User set preference: ['deviceId', '']

2023-09-30 21:27:19 - [MESSAGE][INFO] - Detected NodeJS location: "/usr/local/bin/node"

2023-09-30 21:27:21 - [MESSAGE][INFO] - Appium server started on port 51,699

2023-09-30 21:27:38 - [MESSAGE][PASSED] - Started app at: '/Users/syaviraalatas/REZA/Bootcamp Binar Academy/QAE Quality Assurance Engineer/Challange Level Platinum/automation-mobile/Application/secondhand-24082023.apk'

2023-09-30 21:27:38 - [MESSAGE][WARNING] - Timeout '0' is invalid. Using default page load timeout: '30'

2023-09-30 21:27:40 - [MESSAGE][PASSED] - Tapped on element 'Object Repository/user_visit_homepage/user_click_akun_menu'

2023-09-30 21:27:41 - [MESSAGE][WARNING] - Timeout '0' is invalid. Using default page load timeout: '30'

2023-09-30 21:27:41 - [MESSAGE][PASSED] - Tapped on element 'Object Repository/user_visit_akun_menu/user_click_btn_masuk'

2023-09-30 21:27:41 - [MESSAGE][WARNING] - Timeout '0' is invalid. Using default page load timeout: '30'

2023-09-30 21:27:42 - [MESSAGE][PASSED] - Tapped on element 'Object Repository/user_visit_login_page/user_click_link_daftar'

2023-09-30 21:27:42 - [MESSAGE][WARNING] - Timeout '0' is invalid. Using default page load timeout: '30'

2023-09-30 21:27:44 - [MESSAGE][PASSED] - Text 'Luke Skywalker' has been set to element 'Object Repository/user_visit_register_page/user_input_nama'

2023-09-30 21:27:44 - [MESSAGE][WARNING] - Timeout '0' is invalid. Using default page load timeout: '30'

2023-09-30 21:27:46 - [MESSAGE][PASSED] - Text 'galadriel@gmail.com' has been set to element 'Object Repository/user_visit_register_page/user_input_email'

2023-09-30 21:27:46 - [MESSAGE][WARNING] - Timeout '0' is invalid. Using default page load timeout: '30'

2023-09-30 21:27:47 - [MESSAGE][PASSED] - Text 'qwerty12345' has been set to element 'Object Repository/user_visit_register_page/user_input_password'

2023-09-30 21:27:48 - [MESSAGE][WARNING] - Timeout '0' is invalid. Using default page load timeout: '30'

2023-09-30 21:27:49 - [MESSAGE][PASSED] - Text '089423654521' has been set to element 'Object Repository/user_visit_register_page/user_input_number_phone'

2023-09-30 21:27:49 - [MESSAGE][WARNING] - Timeout '0' is invalid. Using default page load timeout: '30'

2023-09-30 21:27:51 - [MESSAGE][PASSED] - Text 'Jogja' has been set to element 'Object Repository/user_visit_register_page/user_input_city'

2023-09-30 21:27:51 - [MESSAGE][WARNING] - Timeout '0' is invalid. Using default page load timeout: '30'

2023-09-30 21:27:52 - [MESSAGE][PASSED] - Text 'Jl. Parangtritis' has been set to element 'Object Repository/user_visit_register_page/user_input_address'

2023-09-30 21:27:53 - [MESSAGE][WARNING] - Timeout '0' is invalid. Using default page load timeout: '30'

2023-09-30 21:27:53 - [MESSAGE][PASSED] - Tapped on element 'Object Repository/user_visit_register_page/user_click_btn_daftar'

2023-09-30 21:27:54 - [MESSAGE][INFO] - User set preference: ['appWaitActivity', '*']

2023-09-30 21:27:54 - [MESSAGE][INFO] - User set preference: ['appWaitforLaunch', 'false']

2023-09-30 21:27:54 - [MESSAGE][INFO] - User set preference: ['deviceId', '']

2023-09-30 21:28:04 - [MESSAGE][PASSED] - Started app at: '/Users/syaviraalatas/REZA/Bootcamp Binar Academy/QAE Quality Assurance Engineer/Challange Level Platinum/automation-mobile/Application/secondhand-24082023.apk'

2023-09-30 21:28:04 - [MESSAGE][WARNING] - Timeout '0' is invalid. Using default page load timeout: '30'

2023-09-30 21:28:07 - [MESSAGE][PASSED] - Tapped on element 'Object Repository/user_visit_homepage/user_click_akun_menu'

2023-09-30 21:28:07 - [MESSAGE][WARNING] - Timeout '0' is invalid. Using default page load timeout: '30'

2023-09-30 21:28:08 - [MESSAGE][PASSED] - Tapped on element 'Object Repository/user_visit_akun_menu/user_click_btn_masuk'

2023-09-30 21:28:08 - [MESSAGE][WARNING] - Timeout '0' is invalid. Using default page load timeout: '30'

2023-09-30 21:28:09 - [MESSAGE][PASSED] - Tapped on element 'Object Repository/user_visit_login_page/user_click_link_daftar'

2023-09-30 21:28:09 - [MESSAGE][WARNING] - Timeout '0' is invalid. Using default page load timeout: '30'

2023-09-30 21:28:11 - [MESSAGE][PASSED] - Text 'Handoko' has been set to element 'Object Repository/user_visit_register_page/user_input_nama'

2023-09-30 21:28:11 - [MESSAGE][WARNING] - Timeout '0' is invalid. Using default page load timeout: '30'

2023-09-30 21:28:12 - [MESSAGE][PASSED] - Text 'E-b5d58278-6400-4670-b1a8-f9a448fd9a21@gmail.com' has been set to element 'Object Repository/user_visit_register_page/user_input_email'

2023-09-30 21:28:12 - [MESSAGE][WARNING] - Timeout '0' is invalid. Using default page load timeout: '30'

2023-09-30 21:28:14 - [MESSAGE][PASSED] - Text 'qwerty12345' has been set to element 'Object Repository/user_visit_register_page/user_input_password'

2023-09-30 21:28:14 - [MESSAGE][WARNING] - Timeout '0' is invalid. Using default page load timeout: '30'

2023-09-30 21:28:15 - [MESSAGE][PASSED] - Text '089423654521' has been set to element 'Object Repository/user_visit_register_page/user_input_number_phone'

2023-09-30 21:28:15 - [MESSAGE][WARNING] - Timeout '0' is invalid. Using default page load timeout: '30'

2023-09-30 21:28:17 - [MESSAGE][PASSED] - Text 'Jogja' has been set to element 'Object Repository/user_visit_register_page/user_input_city'

2023-09-30 21:28:17 - [MESSAGE][WARNING] - Timeout '0' is invalid. Using default page load timeout: '30'

2023-09-30 21:28:18 - [MESSAGE][PASSED] - Text 'Jl. Parangtritis' has been set to element 'Object Repository/user_visit_register_page/user_input_address'

2023-09-30 21:28:19 - [MESSAGE][WARNING] - Timeout '0' is invalid. Using default page load timeout: '30'

2023-09-30 21:28:19 - [MESSAGE][PASSED] - Tapped on element 'Object Repository/user_visit_register_page/user_click_btn_daftar'

2023-09-30 21:28:19 - [MESSAGE][WARNING] - Timeout '0' is invalid. Using default page load timeout: '30'

2023-09-30 21:28:21 - [MESSAGE][PASSED] - Element 'Object Repository/user_visit_login_page/user_cta_btn_keluar' is visible

2023-09-30 21:28:21 - [MESSAGE][INFO] - User set preference: ['appWaitActivity', '*']

2023-09-30 21:28:21 - [MESSAGE][INFO] - User set preference: ['appWaitforLaunch', 'false']

2023-09-30 21:28:21 - [MESSAGE][INFO] - User set preference: ['deviceId', '']

2023-09-30 21:28:29 - [MESSAGE][PASSED] - Started app at: '/Users/syaviraalatas/REZA/Bootcamp Binar Academy/QAE Quality Assurance Engineer/Challange Level Platinum/automation-mobile/Application/secondhand-24082023.apk'

2023-09-30 21:28:29 - [MESSAGE][WARNING] - Timeout '0' is invalid. Using default page load timeout: '30'

2023-09-30 21:28:31 - [MESSAGE][PASSED] - Tapped on element 'Object Repository/user_visit_homepage/user_click_akun_menu'

2023-09-30 21:28:31 - [MESSAGE][WARNING] - Timeout '0' is invalid. Using default page load timeout: '30'

2023-09-30 21:28:32 - [MESSAGE][PASSED] - Tapped on element 'Object Repository/user_visit_akun_menu/user_click_btn_masuk'

2023-09-30 21:28:32 - [MESSAGE][WARNING] - Timeout '0' is invalid. Using default page load timeout: '30'

2023-09-30 21:28:33 - [MESSAGE][PASSED] - Text 'galadriel@gmail.com' has been set to element 'Object Repository/user_visit_login_page/user_iput_email'

2023-09-30 21:28:33 - [MESSAGE][WARNING] - Timeout '0' is invalid. Using default page load timeout: '30'

2023-09-30 21:28:35 - [MESSAGE][PASSED] - Text '12345678' has been set to element 'Object Repository/user_visit_login_page/user_input_password'

2023-09-30 21:28:35 - [MESSAGE][WARNING] - Timeout '0' is invalid. Using default page load timeout: '30'

2023-09-30 21:28:35 - [MESSAGE][PASSED] - Tapped on element 'Object Repository/user_visit_login_page/user_click_button_masuk'

2023-09-30 21:28:36 - [MESSAGE][INFO] - User set preference: ['appWaitActivity', '*']

2023-09-30 21:28:36 - [MESSAGE][INFO] - User set preference: ['appWaitforLaunch', 'false']

2023-09-30 21:28:36 - [MESSAGE][INFO] - User set preference: ['deviceId', '']

2023-09-30 21:28:44 - [MESSAGE][PASSED] - Started app at: '/Users/syaviraalatas/REZA/Bootcamp Binar Academy/QAE Quality Assurance Engineer/Challange Level Platinum/automation-mobile/Application/secondhand-24082023.apk'

2023-09-30 21:28:45 - [MESSAGE][WARNING] - Timeout '0' is invalid. Using default page load timeout: '30'

2023-09-30 21:28:48 - [MESSAGE][PASSED] - Tapped on element 'Object Repository/user_visit_homepage/user_click_akun_menu'

2023-09-30 21:28:48 - [MESSAGE][WARNING] - Timeout '0' is invalid. Using default page load timeout: '30'

2023-09-30 21:28:49 - [MESSAGE][PASSED] - Tapped on element 'Object Repository/user_visit_akun_menu/user_click_btn_masuk'

2023-09-30 21:28:49 - [MESSAGE][WARNING] - Timeout '0' is invalid. Using default page load timeout: '30'

2023-09-30 21:28:51 - [MESSAGE][PASSED] - Text 'maeve@gmail.com' has been set to element 'Object Repository/user_visit_login_page/user_iput_email'

2023-09-30 21:28:52 - [MESSAGE][WARNING] - Timeout '0' is invalid. Using default page load timeout: '30'

2023-09-30 21:28:53 - [MESSAGE][PASSED] - Text 'qwerty123' has been set to element 'Object Repository/user_visit_login_page/user_input_password'

2023-09-30 21:28:53 - [MESSAGE][WARNING] - Timeout '0' is invalid. Using default page load timeout: '30'

2023-09-30 21:28:54 - [MESSAGE][PASSED] - Tapped on element 'Object Repository/user_visit_login_page/user_click_button_masuk'

2023-09-30 21:28:54 - [MESSAGE][WARNING] - Timeout '0' is invalid. Using default page load timeout: '30'

2023-09-30 21:28:55 - [MESSAGE][PASSED] - Element 'Object Repository/user_visit_login_page/user_cta_btn_keluar' is visible

2023-09-30 21:28:55 - [MESSAGE][INFO] - User set preference: ['appWaitActivity', '*']

2023-09-30 21:28:55 - [MESSAGE][INFO] - User set preference: ['appWaitforLaunch', 'false']

2023-09-30 21:28:55 - [MESSAGE][INFO] - User set preference: ['deviceId', '']

2023-09-30 21:29:05 - [MESSAGE][PASSED] - Started app at: '/Users/syaviraalatas/REZA/Bootcamp Binar Academy/QAE Quality Assurance Engineer/Challange Level Platinum/automation-mobile/Application/secondhand-24082023.apk'

2023-09-30 21:29:06 - [MESSAGE][WARNING] - Timeout '0' is invalid. Using default page load timeout: '30'

2023-09-30 21:29:08 - [MESSAGE][PASSED] - Tapped on element 'Object Repository/user_visit_homepage/user_click_akun_menu'

2023-09-30 21:29:09 - [MESSAGE][WARNING] - Timeout '0' is invalid. Using default page load timeout: '30'

2023-09-30 21:29:09 - [MESSAGE][PASSED] - Tapped on element 'Object Repository/user_visit_akun_menu/user_click_btn_masuk'

2023-09-30 21:29:10 - [MESSAGE][WARNING] - Timeout '0' is invalid. Using default page load timeout: '30'

2023-09-30 21:29:11 - [MESSAGE][PASSED] - Text 'galadriel@gmail.com' has been set to element 'Object Repository/user_visit_login_page/user_iput_email'

2023-09-30 21:29:11 - [MESSAGE][WARNING] - Timeout '0' is invalid. Using default page load timeout: '30'

2023-09-30 21:29:13 - [MESSAGE][PASSED] - Text 'qwerty123' has been set to element 'Object Repository/user_visit_login_page/user_input_password'

2023-09-30 21:29:13 - [MESSAGE][WARNING] - Timeout '0' is invalid. Using default page load timeout: '30'

2023-09-30 21:29:13 - [MESSAGE][PASSED] - Tapped on element 'Object Repository/user_visit_login_page/user_click_button_masuk'

2023-09-30 21:29:14 - [MESSAGE][WARNING] - Timeout '0' is invalid. Using default page load timeout: '30'

2023-09-30 21:29:15 - [MESSAGE][PASSED] - Element 'Object Repository/user_visit_login_page/user_cta_btn_keluar' is visible

2023-09-30 21:29:15 - [MESSAGE][INFO] - User set preference: ['appWaitActivity', '*']

2023-09-30 21:29:15 - [MESSAGE][INFO] - User set preference: ['appWaitforLaunch', 'false']

2023-09-30 21:29:15 - [MESSAGE][INFO] - User set preference: ['deviceId', '']

2023-09-30 21:29:24 - [MESSAGE][PASSED] - Started app at: '/Users/syaviraalatas/REZA/Bootcamp Binar Academy/QAE Quality Assurance Engineer/Challange Level Platinum/automation-mobile/Application/secondhand-24082023.apk'

2023-09-30 21:29:24 - [MESSAGE][WARNING] - Timeout '0' is invalid. Using default page load timeout: '30'

2023-09-30 21:29:26 - [MESSAGE][PASSED] - Tapped on element 'Object Repository/user_visit_homepage/user_click_akun_menu'

2023-09-30 21:29:26 - [MESSAGE][WARNING] - Timeout '0' is invalid. Using default page load timeout: '30'

2023-09-30 21:29:27 - [MESSAGE][PASSED] - Tapped on element 'Object Repository/user_visit_akun_menu/user_click_btn_masuk'

2023-09-30 21:29:27 - [MESSAGE][WARNING] - Timeout '0' is invalid. Using default page load timeout: '30'

2023-09-30 21:29:28 - [MESSAGE][PASSED] - Text 'maeve@gmail.com' has been set to element 'Object Repository/user_visit_login_page/user_iput_email'

2023-09-30 21:29:29 - [MESSAGE][WARNING] - Timeout '0' is invalid. Using default page load timeout: '30'

2023-09-30 21:29:30 - [MESSAGE][PASSED] - Text 'qwerty123' has been set to element 'Object Repository/user_visit_login_page/user_input_password'

2023-09-30 21:29:30 - [MESSAGE][WARNING] - Timeout '0' is invalid. Using default page load timeout: '30'

2023-09-30 21:29:31 - [MESSAGE][PASSED] - Tapped on element 'Object Repository/user_visit_login_page/user_click_button_masuk'

2023-09-30 21:29:31 - [MESSAGE][WARNING] - Timeout '0' is invalid. Using default page load timeout: '30'

2023-09-30 21:29:32 - [MESSAGE][PASSED] - Element 'Object Repository/user_visit_login_page/user_cta_btn_keluar' is visible

2023-09-30 21:29:32 - [MESSAGE][WARNING] - Timeout '0' is invalid. Using default page load timeout: '30'

2023-09-30 21:29:33 - [MESSAGE][PASSED] - Element 'Object Repository/user_visit_akun_saya_page/button_pencil' is visible

2023-09-30 21:29:33 - [MESSAGE][WARNING] - Timeout '0' is invalid. Using default page load timeout: '30'

2023-09-30 21:29:33 - [MESSAGE][PASSED] - Tapped on element 'Object Repository/user_visit_akun_saya_page/button_pencil'

2023-09-30 21:29:33 - [MESSAGE][WARNING] - Timeout '0' is invalid. Using default page load timeout: '30'

2023-09-30 21:29:33 - [MESSAGE][PASSED] - Element 'Object Repository/user_edit_profile/photo_profile' is visible

2023-09-30 21:29:34 - [MESSAGE][WARNING] - Timeout '0' is invalid. Using default page load timeout: '30'

2023-09-30 21:29:34 - [MESSAGE][PASSED] - Tapped on element 'Object Repository/user_edit_profile/photo_profile'

2023-09-30 21:29:34 - [MESSAGE][WARNING] - Timeout '0' is invalid. Using default page load timeout: '30'

2023-09-30 21:29:34 - [MESSAGE][PASSED] - Tapped on element 'Object Repository/user_edit_profile/popup_pilih_gambar/button_galeri'

2023-09-30 21:29:35 - [MESSAGE][WARNING] - Timeout '0' is invalid. Using default page load timeout: '30'

2023-09-30 21:29:38 - [MESSAGE][PASSED] - Tapped on element 'Object Repository/user_edit_profile/popup_pilih_gambar/button_triple_line'

2023-09-30 21:29:38 - [MESSAGE][WARNING] - Timeout '0' is invalid. Using default page load timeout: '30'

2023-09-30 21:29:41 - [MESSAGE][PASSED] - Tapped on element 'Object Repository/user_edit_profile/popup_pilih_gambar/folder_sd_emulator'

2023-09-30 21:29:41 - [MESSAGE][WARNING] - Timeout '0' is invalid. Using default page load timeout: '30'

2023-09-30 21:29:42 - [MESSAGE][PASSED] - Tapped on element 'Object Repository/user_edit_profile/popup_pilih_gambar/folder_Reza'

2023-09-30 21:29:42 - [MESSAGE][WARNING] - Timeout '0' is invalid. Using default page load timeout: '30'

2023-09-30 21:29:42 - [MESSAGE][PASSED] - Tapped on element 'Object Repository/user_edit_profile/popup_pilih_gambar/select_photo_profile_from_galeri'

2023-09-30 21:29:43 - [MESSAGE][WARNING] - Timeout '0' is invalid. Using default page load timeout: '30'

2023-09-30 21:29:44 - [MESSAGE][PASSED] - Element 'Object Repository/user_edit_profile/photo_profile' is visible

2023-09-30 21:29:44 - [MESSAGE][INFO] - User set preference: ['appWaitActivity', '*']

2023-09-30 21:29:44 - [MESSAGE][INFO] - User set preference: ['appWaitforLaunch', 'false']

2023-09-30 21:29:44 - [MESSAGE][INFO] - User set preference: ['deviceId', '']

2023-09-30 21:29:53 - [MESSAGE][PASSED] - Started app at: '/Users/syaviraalatas/REZA/Bootcamp Binar Academy/QAE Quality Assurance Engineer/Challange Level Platinum/automation-mobile/Application/secondhand-24082023.apk'

2023-09-30 21:29:53 - [MESSAGE][WARNING] - Timeout '0' is invalid. Using default page load timeout: '30'

2023-09-30 21:29:57 - [MESSAGE][PASSED] - Tapped on element 'Object Repository/user_visit_homepage/user_click_akun_menu'

2023-09-30 21:29:57 - [MESSAGE][WARNING] - Timeout '0' is invalid. Using default page load timeout: '30'

2023-09-30 21:29:57 - [MESSAGE][PASSED] - Tapped on element 'Object Repository/user_visit_akun_menu/user_click_btn_masuk'

2023-09-30 21:29:58 - [MESSAGE][WARNING] - Timeout '0' is invalid. Using default page load timeout: '30'

2023-09-30 21:29:59 - [MESSAGE][PASSED] - Text 'maeve@gmail.com' has been set to element 'Object Repository/user_visit_login_page/user_iput_email'

2023-09-30 21:30:00 - [MESSAGE][WARNING] - Timeout '0' is invalid. Using default page load timeout: '30'

2023-09-30 21:30:02 - [MESSAGE][PASSED] - Text 'qwerty123' has been set to element 'Object Repository/user_visit_login_page/user_input_password'

2023-09-30 21:30:02 - [MESSAGE][WARNING] - Timeout '0' is invalid. Using default page load timeout: '30'

2023-09-30 21:30:02 - [MESSAGE][PASSED] - Tapped on element 'Object Repository/user_visit_login_page/user_click_button_masuk'

2023-09-30 21:30:02 - [MESSAGE][WARNING] - Timeout '0' is invalid. Using default page load timeout: '30'

2023-09-30 21:30:04 - [MESSAGE][PASSED] - Element 'Object Repository/user_visit_login_page/user_cta_btn_keluar' is visible

2023-09-30 21:30:04 - [MESSAGE][WARNING] - Timeout '0' is invalid. Using default page load timeout: '30'

2023-09-30 21:30:04 - [MESSAGE][PASSED] - Element 'Object Repository/user_visit_akun_saya_page/button_pencil' is visible

2023-09-30 21:30:04 - [MESSAGE][WARNING] - Timeout '0' is invalid. Using default page load timeout: '30'

2023-09-30 21:30:04 - [MESSAGE][PASSED] - Tapped on element 'Object Repository/user_visit_akun_saya_page/button_pencil'

2023-09-30 21:30:04 - [MESSAGE][WARNING] - Timeout '0' is invalid. Using default page load timeout: '30'

2023-09-30 21:30:05 - [MESSAGE][PASSED] - Element 'Object Repository/user_edit_profile/field_edit_nama' is visible

2023-09-30 21:30:05 - [MESSAGE][WARNING] - Timeout '0' is invalid. Using default page load timeout: '30'

2023-09-30 21:30:05 - [MESSAGE][PASSED] - Tapped on element 'Object Repository/user_edit_profile/field_edit_nama'

2023-09-30 21:30:05 - [MESSAGE][WARNING] - Timeout '0' is invalid. Using default page load timeout: '30'

2023-09-30 21:30:05 - [MESSAGE][PASSED] - Element 'Object Repository/user_edit_profile/input_nama' is visible

2023-09-30 21:30:06 - [MESSAGE][WARNING] - Timeout '0' is invalid. Using default page load timeout: '30'

2023-09-30 21:30:08 - [MESSAGE][PASSED] - Text 'Reza' has been set to element 'Object Repository/user_edit_profile/input_nama'

2023-09-30 21:30:08 - [MESSAGE][WARNING] - Timeout '0' is invalid. Using default page load timeout: '30'

2023-09-30 21:30:08 - [MESSAGE][PASSED] - Tapped on element 'Object Repository/user_edit_profile/button_simpan_popup'

2023-09-30 21:30:08 - [MESSAGE][WARNING] - Timeout '0' is invalid. Using default page load timeout: '30'

2023-09-30 21:30:09 - [MESSAGE][PASSED] - Element 'Object Repository/user_edit_profile/field_edit_nama' is visible

2023-09-30 21:30:09 - [MESSAGE][INFO] - User set preference: ['appWaitActivity', '*']

2023-09-30 21:30:09 - [MESSAGE][INFO] - User set preference: ['appWaitforLaunch', 'false']

2023-09-30 21:30:09 - [MESSAGE][INFO] - User set preference: ['deviceId', '']

2023-09-30 21:30:18 - [MESSAGE][PASSED] - Started app at: '/Users/syaviraalatas/REZA/Bootcamp Binar Academy/QAE Quality Assurance Engineer/Challange Level Platinum/automation-mobile/Application/secondhand-24082023.apk'

2023-09-30 21:30:18 - [MESSAGE][WARNING] - Timeout '0' is invalid. Using default page load timeout: '30'

2023-09-30 21:30:21 - [MESSAGE][PASSED] - Tapped on element 'Object Repository/user_visit_homepage/user_click_akun_menu'

2023-09-30 21:30:21 - [MESSAGE][WARNING] - Timeout '0' is invalid. Using default page load timeout: '30'

2023-09-30 21:30:22 - [MESSAGE][PASSED] - Tapped on element 'Object Repository/user_visit_akun_menu/user_click_btn_masuk'

2023-09-30 21:30:22 - [MESSAGE][WARNING] - Timeout '0' is invalid. Using default page load timeout: '30'

2023-09-30 21:30:24 - [MESSAGE][PASSED] - Text 'maeve@gmail.com' has been set to element 'Object Repository/user_visit_login_page/user_iput_email'

2023-09-30 21:30:24 - [MESSAGE][WARNING] - Timeout '0' is invalid. Using default page load timeout: '30'

2023-09-30 21:30:25 - [MESSAGE][PASSED] - Text 'qwerty123' has been set to element 'Object Repository/user_visit_login_page/user_input_password'

2023-09-30 21:30:26 - [MESSAGE][WARNING] - Timeout '0' is invalid. Using default page load timeout: '30'

2023-09-30 21:30:26 - [MESSAGE][PASSED] - Tapped on element 'Object Repository/user_visit_login_page/user_click_button_masuk'

2023-09-30 21:30:26 - [MESSAGE][WARNING] - Timeout '0' is invalid. Using default page load timeout: '30'

2023-09-30 21:30:27 - [MESSAGE][PASSED] - Element 'Object Repository/user_visit_login_page/user_cta_btn_keluar' is visible

2023-09-30 21:30:28 - [MESSAGE][WARNING] - Timeout '0' is invalid. Using default page load timeout: '30'

2023-09-30 21:30:28 - [MESSAGE][PASSED] - Element 'Object Repository/user_visit_akun_saya_page/button_pencil' is visible

2023-09-30 21:30:28 - [MESSAGE][WARNING] - Timeout '0' is invalid. Using default page load timeout: '30'

2023-09-30 21:30:28 - [MESSAGE][PASSED] - Tapped on element 'Object Repository/user_visit_akun_saya_page/button_pencil'

2023-09-30 21:30:28 - [MESSAGE][WARNING] - Timeout '0' is invalid. Using default page load timeout: '30'

2023-09-30 21:30:29 - [MESSAGE][PASSED] - Element 'Object Repository/user_edit_profile/field_edit_nomor_hp' is visible

2023-09-30 21:30:29 - [MESSAGE][WARNING] - Timeout '0' is invalid. Using default page load timeout: '30'

2023-09-30 21:30:29 - [MESSAGE][PASSED] - Tapped on element 'Object Repository/user_edit_profile/field_edit_nomor_hp'

2023-09-30 21:30:29 - [MESSAGE][WARNING] - Timeout '0' is invalid. Using default page load timeout: '30'

2023-09-30 21:30:30 - [MESSAGE][PASSED] - Element 'Object Repository/user_edit_profile/input_nomor_hp' is visible

2023-09-30 21:30:30 - [MESSAGE][WARNING] - Timeout '0' is invalid. Using default page load timeout: '30'

2023-09-30 21:30:31 - [MESSAGE][PASSED] - Text '0812345678' has been set to element 'Object Repository/user_edit_profile/input_nomor_hp'

2023-09-30 21:30:31 - [MESSAGE][WARNING] - Timeout '0' is invalid. Using default page load timeout: '30'

2023-09-30 21:30:32 - [MESSAGE][PASSED] - Tapped on element 'Object Repository/user_edit_profile/button_simpan_popup'

2023-09-30 21:30:32 - [MESSAGE][WARNING] - Timeout '0' is invalid. Using default page load timeout: '30'

2023-09-30 21:30:33 - [MESSAGE][PASSED] - Element 'Object Repository/user_edit_profile/field_edit_nomor_hp' is visible

2023-09-30 21:30:33 - [MESSAGE][INFO] - User set preference: ['appWaitActivity', '*']

2023-09-30 21:30:33 - [MESSAGE][INFO] - User set preference: ['appWaitforLaunch', 'false']

2023-09-30 21:30:33 - [MESSAGE][INFO] - User set preference: ['deviceId', '']

2023-09-30 21:30:41 - [MESSAGE][PASSED] - Started app at: '/Users/syaviraalatas/REZA/Bootcamp Binar Academy/QAE Quality Assurance Engineer/Challange Level Platinum/automation-mobile/Application/secondhand-24082023.apk'

2023-09-30 21:30:42 - [MESSAGE][WARNING] - Timeout '0' is invalid. Using default page load timeout: '30'

2023-09-30 21:30:44 - [MESSAGE][PASSED] - Tapped on element 'Object Repository/user_visit_homepage/user_click_akun_menu'

2023-09-30 21:30:44 - [MESSAGE][WARNING] - Timeout '0' is invalid. Using default page load timeout: '30'

2023-09-30 21:30:45 - [MESSAGE][PASSED] - Tapped on element 'Object Repository/user_visit_akun_menu/user_click_btn_masuk'

2023-09-30 21:30:45 - [MESSAGE][WARNING] - Timeout '0' is invalid. Using default page load timeout: '30'

2023-09-30 21:30:46 - [MESSAGE][PASSED] - Text 'maeve@gmail.com' has been set to element 'Object Repository/user_visit_login_page/user_iput_email'

2023-09-30 21:30:46 - [MESSAGE][WARNING] - Timeout '0' is invalid. Using default page load timeout: '30'

2023-09-30 21:30:48 - [MESSAGE][PASSED] - Text 'qwerty123' has been set to element 'Object Repository/user_visit_login_page/user_input_password'

2023-09-30 21:30:48 - [MESSAGE][WARNING] - Timeout '0' is invalid. Using default page load timeout: '30'

2023-09-30 21:30:49 - [MESSAGE][PASSED] - Tapped on element 'Object Repository/user_visit_login_page/user_click_button_masuk'

2023-09-30 21:30:49 - [MESSAGE][WARNING] - Timeout '0' is invalid. Using default page load timeout: '30'

2023-09-30 21:30:50 - [MESSAGE][PASSED] - Element 'Object Repository/user_visit_login_page/user_cta_btn_keluar' is visible

2023-09-30 21:30:50 - [MESSAGE][WARNING] - Timeout '0' is invalid. Using default page load timeout: '30'

2023-09-30 21:30:50 - [MESSAGE][PASSED] - Element 'Object Repository/user_visit_akun_saya_page/button_pencil' is visible

2023-09-30 21:30:50 - [MESSAGE][WARNING] - Timeout '0' is invalid. Using default page load timeout: '30'

2023-09-30 21:30:51 - [MESSAGE][PASSED] - Tapped on element 'Object Repository/user_visit_akun_saya_page/button_pencil'

2023-09-30 21:30:51 - [MESSAGE][WARNING] - Timeout '0' is invalid. Using default page load timeout: '30'

2023-09-30 21:30:51 - [MESSAGE][PASSED] - Element 'Object Repository/user_edit_profile/field_edit_kota' is visible

2023-09-30 21:30:51 - [MESSAGE][WARNING] - Timeout '0' is invalid. Using default page load timeout: '30'

2023-09-30 21:30:51 - [MESSAGE][PASSED] - Tapped on element 'Object Repository/user_edit_profile/field_edit_kota'

2023-09-30 21:30:52 - [MESSAGE][WARNING] - Timeout '0' is invalid. Using default page load timeout: '30'

2023-09-30 21:30:52 - [MESSAGE][PASSED] - Element 'Object Repository/user_edit_profile/input_kota' is visible

2023-09-30 21:30:52 - [MESSAGE][WARNING] - Timeout '0' is invalid. Using default page load timeout: '30'

2023-09-30 21:30:52 - [MESSAGE][PASSED] - Element 'Object Repository/user_edit_profile/input_kota' text is cleared

2023-09-30 21:30:52 - [MESSAGE][WARNING] - Timeout '0' is invalid. Using default page load timeout: '30'

2023-09-30 21:30:54 - [MESSAGE][PASSED] - Text 'jakarta' has been set to element 'Object Repository/user_edit_profile/input_kota'

2023-09-30 21:30:54 - [MESSAGE][WARNING] - Timeout '0' is invalid. Using default page load timeout: '30'

2023-09-30 21:30:55 - [MESSAGE][PASSED] - Tapped on element 'Object Repository/user_edit_profile/button_simpan_popup'

2023-09-30 21:30:55 - [MESSAGE][WARNING] - Timeout '0' is invalid. Using default page load timeout: '30'

2023-09-30 21:30:56 - [MESSAGE][PASSED] - Element 'Object Repository/user_edit_profile/field_edit_kota' is visible

2023-09-30 21:30:56 - [MESSAGE][INFO] - User set preference: ['appWaitActivity', '*']

2023-09-30 21:30:56 - [MESSAGE][INFO] - User set preference: ['appWaitforLaunch', 'false']

2023-09-30 21:30:56 - [MESSAGE][INFO] - User set preference: ['deviceId', '']

2023-09-30 21:31:04 - [MESSAGE][PASSED] - Started app at: '/Users/syaviraalatas/REZA/Bootcamp Binar Academy/QAE Quality Assurance Engineer/Challange Level Platinum/automation-mobile/Application/secondhand-24082023.apk'

2023-09-30 21:31:04 - [MESSAGE][WARNING] - Timeout '0' is invalid. Using default page load timeout: '30'

2023-09-30 21:31:08 - [MESSAGE][PASSED] - Tapped on element 'Object Repository/user_visit_homepage/user_click_akun_menu'

2023-09-30 21:31:08 - [MESSAGE][WARNING] - Timeout '0' is invalid. Using default page load timeout: '30'

2023-09-30 21:31:09 - [MESSAGE][PASSED] - Tapped on element 'Object Repository/user_visit_akun_menu/user_click_btn_masuk'

2023-09-30 21:31:09 - [MESSAGE][WARNING] - Timeout '0' is invalid. Using default page load timeout: '30'

2023-09-30 21:31:11 - [MESSAGE][PASSED] - Text 'maeve@gmail.com' has been set to element 'Object Repository/user_visit_login_page/user_iput_email'

2023-09-30 21:31:11 - [MESSAGE][WARNING] - Timeout '0' is invalid. Using default page load timeout: '30'

2023-09-30 21:31:12 - [MESSAGE][PASSED] - Text 'qwerty123' has been set to element 'Object Repository/user_visit_login_page/user_input_password'

2023-09-30 21:31:12 - [MESSAGE][WARNING] - Timeout '0' is invalid. Using default page load timeout: '30'

2023-09-30 21:31:12 - [MESSAGE][PASSED] - Tapped on element 'Object Repository/user_visit_login_page/user_click_button_masuk'

2023-09-30 21:31:12 - [MESSAGE][WARNING] - Timeout '0' is invalid. Using default page load timeout: '30'

2023-09-30 21:31:14 - [MESSAGE][PASSED] - Element 'Object Repository/user_visit_login_page/user_cta_btn_keluar' is visible

2023-09-30 21:31:14 - [MESSAGE][WARNING] - Timeout '0' is invalid. Using default page load timeout: '30'

2023-09-30 21:31:14 - [MESSAGE][PASSED] - Element 'Object Repository/user_visit_akun_saya_page/button_pencil' is visible

2023-09-30 21:31:14 - [MESSAGE][WARNING] - Timeout '0' is invalid. Using default page load timeout: '30'

2023-09-30 21:31:14 - [MESSAGE][PASSED] - Tapped on element 'Object Repository/user_visit_akun_saya_page/button_pencil'

2023-09-30 21:31:14 - [MESSAGE][WARNING] - Timeout '0' is invalid. Using default page load timeout: '30'

2023-09-30 21:31:15 - [MESSAGE][PASSED] - Element 'Object Repository/user_edit_profile/field_edit_alamat' is visible

2023-09-30 21:31:15 - [MESSAGE][WARNING] - Timeout '0' is invalid. Using default page load timeout: '30'

2023-09-30 21:31:15 - [MESSAGE][PASSED] - Tapped on element 'Object Repository/user_edit_profile/field_edit_alamat'

2023-09-30 21:31:15 - [MESSAGE][WARNING] - Timeout '0' is invalid. Using default page load timeout: '30'

2023-09-30 21:31:15 - [MESSAGE][PASSED] - Element 'Object Repository/user_edit_profile/input_alamat' is visible

2023-09-30 21:31:16 - [MESSAGE][WARNING] - Timeout '0' is invalid. Using default page load timeout: '30'

2023-09-30 21:31:17 - [MESSAGE][PASSED] - Text 'Jalan kemang raya no.1' has been set to element 'Object Repository/user_edit_profile/input_alamat'

2023-09-30 21:31:17 - [MESSAGE][WARNING] - Timeout '0' is invalid. Using default page load timeout: '30'

2023-09-30 21:31:18 - [MESSAGE][PASSED] - Tapped on element 'Object Repository/user_edit_profile/button_simpan_popup'

2023-09-30 21:31:18 - [MESSAGE][WARNING] - Timeout '0' is invalid. Using default page load timeout: '30'

2023-09-30 21:31:19 - [MESSAGE][PASSED] - Element 'Object Repository/user_edit_profile/field_edit_kota' is visible

2023-09-30 21:31:19 - [MESSAGE][INFO] - User set preference: ['appWaitActivity', '*']

2023-09-30 21:31:19 - [MESSAGE][INFO] - User set preference: ['appWaitforLaunch', 'false']

2023-09-30 21:31:19 - [MESSAGE][INFO] - User set preference: ['deviceId', '']

2023-09-30 21:31:27 - [MESSAGE][PASSED] - Started app at: '/Users/syaviraalatas/REZA/Bootcamp Binar Academy/QAE Quality Assurance Engineer/Challange Level Platinum/automation-mobile/Application/secondhand-24082023.apk'

2023-09-30 21:31:27 - [MESSAGE][WARNING] - Timeout '0' is invalid. Using default page load timeout: '30'

2023-09-30 21:31:29 - [MESSAGE][PASSED] - Tapped on element 'Object Repository/user_visit_homepage/user_click_akun_menu'

2023-09-30 21:31:29 - [MESSAGE][WARNING] - Timeout '0' is invalid. Using default page load timeout: '30'

2023-09-30 21:31:30 - [MESSAGE][PASSED] - Tapped on element 'Object Repository/user_visit_akun_menu/user_click_btn_masuk'

2023-09-30 21:31:30 - [MESSAGE][WARNING] - Timeout '0' is invalid. Using default page load timeout: '30'

2023-09-30 21:31:32 - [MESSAGE][PASSED] - Text 'maeve@gmail.com' has been set to element 'Object Repository/user_visit_login_page/user_iput_email'

2023-09-30 21:31:32 - [MESSAGE][WARNING] - Timeout '0' is invalid. Using default page load timeout: '30'

2023-09-30 21:31:33 - [MESSAGE][PASSED] - Text 'qwerty123' has been set to element 'Object Repository/user_visit_login_page/user_input_password'

2023-09-30 21:31:33 - [MESSAGE][WARNING] - Timeout '0' is invalid. Using default page load timeout: '30'

2023-09-30 21:31:34 - [MESSAGE][PASSED] - Tapped on element 'Object Repository/user_visit_login_page/user_click_button_masuk'

2023-09-30 21:31:34 - [MESSAGE][WARNING] - Timeout '0' is invalid. Using default page load timeout: '30'

2023-09-30 21:31:35 - [MESSAGE][PASSED] - Element 'Object Repository/user_visit_login_page/user_cta_btn_keluar' is visible

2023-09-30 21:31:35 - [MESSAGE][WARNING] - Timeout '0' is invalid. Using default page load timeout: '30'

2023-09-30 21:31:36 - [MESSAGE][PASSED] - Element 'Object Repository/user_visit_akun_saya_page/button_pencil' is visible

2023-09-30 21:31:36 - [MESSAGE][WARNING] - Timeout '0' is invalid. Using default page load timeout: '30'

2023-09-30 21:31:36 - [MESSAGE][PASSED] - Tapped on element 'Object Repository/user_visit_akun_saya_page/button_pencil'

2023-09-30 21:31:36 - [MESSAGE][WARNING] - Timeout '0' is invalid. Using default page load timeout: '30'

2023-09-30 21:31:37 - [MESSAGE][PASSED] - Element 'Object Repository/user_edit_profile/photo_profile' is visible

2023-09-30 21:31:37 - [MESSAGE][WARNING] - Timeout '0' is invalid. Using default page load timeout: '30'

2023-09-30 21:31:37 - [MESSAGE][PASSED] - Tapped on element 'Object Repository/user_edit_profile/photo_profile'

2023-09-30 21:31:37 - [MESSAGE][WARNING] - Timeout '0' is invalid. Using default page load timeout: '30'

2023-09-30 21:31:37 - [MESSAGE][PASSED] - Tapped on element 'Object Repository/user_edit_profile/popup_pilih_gambar/button_galeri'

2023-09-30 21:31:37 - [MESSAGE][WARNING] - Timeout '0' is invalid. Using default page load timeout: '30'

2023-09-30 21:31:39 - [MESSAGE][PASSED] - Tapped on element 'Object Repository/user_edit_profile/popup_pilih_gambar/button_triple_line'

2023-09-30 21:31:39 - [MESSAGE][WARNING] - Timeout '0' is invalid. Using default page load timeout: '30'

2023-09-30 21:31:41 - [MESSAGE][PASSED] - Tapped on element 'Object Repository/user_edit_profile/popup_pilih_gambar/folder_sd_emulator'

2023-09-30 21:31:41 - [MESSAGE][WARNING] - Timeout '0' is invalid. Using default page load timeout: '30'

2023-09-30 21:31:43 - [MESSAGE][PASSED] - Tapped on element 'Object Repository/user_edit_profile/popup_pilih_gambar/folder_Reza'

2023-09-30 21:31:43 - [MESSAGE][WARNING] - Timeout '0' is invalid. Using default page load timeout: '30'

2023-09-30 21:31:43 - [MESSAGE][PASSED] - Tapped on element 'Object Repository/user_edit_profile/popup_pilih_gambar/select_photo_profile_1,1mb_from_galeri'

2023-09-30 21:31:43 - [MESSAGE][WARNING] - Timeout '0' is invalid. Using default page load timeout: '30'

2023-09-30 21:31:45 - [MESSAGE][PASSED] - Element 'Object Repository/user_edit_profile/photo_profile' is visible

2023-09-30 21:31:45 - [MESSAGE][INFO] - User set preference: ['appWaitActivity', '*']

2023-09-30 21:31:45 - [MESSAGE][INFO] - User set preference: ['appWaitforLaunch', 'false']

2023-09-30 21:31:45 - [MESSAGE][INFO] - User set preference: ['deviceId', '']

2023-09-30 21:31:53 - [MESSAGE][PASSED] - Started app at: '/Users/syaviraalatas/REZA/Bootcamp Binar Academy/QAE Quality Assurance Engineer/Challange Level Platinum/automation-mobile/Application/secondhand-24082023.apk'

2023-09-30 21:31:53 - [MESSAGE][WARNING] - Timeout '0' is invalid. Using default page load timeout: '30'

2023-09-30 21:31:56 - [MESSAGE][PASSED] - Tapped on element 'Object Repository/user_visit_homepage/user_click_akun_menu'

2023-09-30 21:31:57 - [MESSAGE][WARNING] - Timeout '0' is invalid. Using default page load timeout: '30'

2023-09-30 21:31:57 - [MESSAGE][PASSED] - Tapped on element 'Object Repository/user_visit_akun_menu/user_click_btn_masuk'

2023-09-30 21:31:57 - [MESSAGE][WARNING] - Timeout '0' is invalid. Using default page load timeout: '30'

2023-09-30 21:31:59 - [MESSAGE][PASSED] - Text 'maeve@gmail.com' has been set to element 'Object Repository/user_visit_login_page/user_iput_email'

2023-09-30 21:31:59 - [MESSAGE][WARNING] - Timeout '0' is invalid. Using default page load timeout: '30'

2023-09-30 21:32:01 - [MESSAGE][PASSED] - Text 'qwerty123' has been set to element 'Object Repository/user_visit_login_page/user_input_password'

2023-09-30 21:32:01 - [MESSAGE][WARNING] - Timeout '0' is invalid. Using default page load timeout: '30'

2023-09-30 21:32:02 - [MESSAGE][PASSED] - Tapped on element 'Object Repository/user_visit_login_page/user_click_button_masuk'

2023-09-30 21:32:02 - [MESSAGE][WARNING] - Timeout '0' is invalid. Using default page load timeout: '30'

2023-09-30 21:32:03 - [MESSAGE][PASSED] - Element 'Object Repository/user_visit_login_page/user_cta_btn_keluar' is visible

2023-09-30 21:32:03 - [MESSAGE][WARNING] - Timeout '0' is invalid. Using default page load timeout: '30'

2023-09-30 21:32:03 - [MESSAGE][PASSED] - Element 'Object Repository/user_visit_akun_saya_page/button_pencil' is visible

2023-09-30 21:32:03 - [MESSAGE][WARNING] - Timeout '0' is invalid. Using default page load timeout: '30'

2023-09-30 21:32:04 - [MESSAGE][PASSED] - Tapped on element 'Object Repository/user_visit_akun_saya_page/button_pencil'

2023-09-30 21:32:04 - [MESSAGE][WARNING] - Timeout '0' is invalid. Using default page load timeout: '30'

2023-09-30 21:32:04 - [MESSAGE][PASSED] - Element 'Object Repository/user_edit_profile/field_edit_nama' is visible

2023-09-30 21:32:04 - [MESSAGE][WARNING] - Timeout '0' is invalid. Using default page load timeout: '30'

2023-09-30 21:32:05 - [MESSAGE][PASSED] - Tapped on element 'Object Repository/user_edit_profile/field_edit_nama'

2023-09-30 21:32:05 - [MESSAGE][WARNING] - Timeout '0' is invalid. Using default page load timeout: '30'

2023-09-30 21:32:05 - [MESSAGE][PASSED] - Element 'Object Repository/user_edit_profile/input_nama' is visible

2023-09-30 21:32:05 - [MESSAGE][WARNING] - Timeout '0' is invalid. Using default page load timeout: '30'

2023-09-30 21:32:05 - [MESSAGE][PASSED] - Element 'Object Repository/user_edit_profile/input_nama' text is cleared

2023-09-30 21:32:05 - [MESSAGE][INFO] - User set preference: ['appWaitActivity', '*']

2023-09-30 21:32:05 - [MESSAGE][INFO] - User set preference: ['appWaitforLaunch', 'false']

2023-09-30 21:32:05 - [MESSAGE][INFO] - User set preference: ['deviceId', '']

2023-09-30 21:32:14 - [MESSAGE][PASSED] - Started app at: '/Users/syaviraalatas/REZA/Bootcamp Binar Academy/QAE Quality Assurance Engineer/Challange Level Platinum/automation-mobile/Application/secondhand-24082023.apk'

2023-09-30 21:32:14 - [MESSAGE][WARNING] - Timeout '0' is invalid. Using default page load timeout: '30'

2023-09-30 21:32:16 - [MESSAGE][PASSED] - Tapped on element 'Object Repository/user_visit_homepage/user_click_akun_menu'

2023-09-30 21:32:16 - [MESSAGE][WARNING] - Timeout '0' is invalid. Using default page load timeout: '30'

2023-09-30 21:32:17 - [MESSAGE][PASSED] - Tapped on element 'Object Repository/user_visit_akun_menu/user_click_btn_masuk'

2023-09-30 21:32:17 - [MESSAGE][WARNING] - Timeout '0' is invalid. Using default page load timeout: '30'

2023-09-30 21:32:19 - [MESSAGE][PASSED] - Text 'maeve@gmail.com' has been set to element 'Object Repository/user_visit_login_page/user_iput_email'

2023-09-30 21:32:19 - [MESSAGE][WARNING] - Timeout '0' is invalid. Using default page load timeout: '30'

2023-09-30 21:32:20 - [MESSAGE][PASSED] - Text 'qwerty123' has been set to element 'Object Repository/user_visit_login_page/user_input_password'

2023-09-30 21:32:20 - [MESSAGE][WARNING] - Timeout '0' is invalid. Using default page load timeout: '30'

2023-09-30 21:32:21 - [MESSAGE][PASSED] - Tapped on element 'Object Repository/user_visit_login_page/user_click_button_masuk'

2023-09-30 21:32:21 - [MESSAGE][WARNING] - Timeout '0' is invalid. Using default page load timeout: '30'

2023-09-30 21:32:22 - [MESSAGE][PASSED] - Element 'Object Repository/user_visit_login_page/user_cta_btn_keluar' is visible

2023-09-30 21:32:23 - [MESSAGE][WARNING] - Timeout '0' is invalid. Using default page load timeout: '30'

2023-09-30 21:32:23 - [MESSAGE][PASSED] - Element 'Object Repository/user_visit_akun_saya_page/button_pencil' is visible

2023-09-30 21:32:23 - [MESSAGE][WARNING] - Timeout '0' is invalid. Using default page load timeout: '30'

2023-09-30 21:32:23 - [MESSAGE][PASSED] - Tapped on element 'Object Repository/user_visit_akun_saya_page/button_pencil'

2023-09-30 21:32:23 - [MESSAGE][WARNING] - Timeout '0' is invalid. Using default page load timeout: '30'

2023-09-30 21:32:24 - [MESSAGE][PASSED] - Element 'Object Repository/user_edit_profile/field_edit_nomor_hp' is visible

2023-09-30 21:32:24 - [MESSAGE][WARNING] - Timeout '0' is invalid. Using default page load timeout: '30'

2023-09-30 21:32:24 - [MESSAGE][PASSED] - Tapped on element 'Object Repository/user_edit_profile/field_edit_nomor_hp'

2023-09-30 21:32:24 - [MESSAGE][WARNING] - Timeout '0' is invalid. Using default page load timeout: '30'

2023-09-30 21:32:24 - [MESSAGE][PASSED] - Element 'Object Repository/user_edit_profile/input_nomor_hp' is visible

2023-09-30 21:32:24 - [MESSAGE][WARNING] - Timeout '0' is invalid. Using default page load timeout: '30'

2023-09-30 21:32:25 - [MESSAGE][PASSED] - Element 'Object Repository/user_edit_profile/input_nomor_hp' text is cleared

2023-09-30 21:32:25 - [MESSAGE][INFO] - User set preference: ['appWaitActivity', '*']

2023-09-30 21:32:25 - [MESSAGE][INFO] - User set preference: ['appWaitforLaunch', 'false']

2023-09-30 21:32:25 - [MESSAGE][INFO] - User set preference: ['deviceId', '']

2023-09-30 21:32:33 - [MESSAGE][PASSED] - Started app at: '/Users/syaviraalatas/REZA/Bootcamp Binar Academy/QAE Quality Assurance Engineer/Challange Level Platinum/automation-mobile/Application/secondhand-24082023.apk'

2023-09-30 21:32:33 - [MESSAGE][WARNING] - Timeout '0' is invalid. Using default page load timeout: '30'

2023-09-30 21:32:36 - [MESSAGE][PASSED] - Tapped on element 'Object Repository/user_visit_homepage/user_click_akun_menu'

2023-09-30 21:32:36 - [MESSAGE][WARNING] - Timeout '0' is invalid. Using default page load timeout: '30'

2023-09-30 21:32:36 - [MESSAGE][PASSED] - Tapped on element 'Object Repository/user_visit_akun_menu/user_click_btn_masuk'

2023-09-30 21:32:36 - [MESSAGE][WARNING] - Timeout '0' is invalid. Using default page load timeout: '30'

2023-09-30 21:32:38 - [MESSAGE][PASSED] - Text 'maeve@gmail.com' has been set to element 'Object Repository/user_visit_login_page/user_iput_email'

2023-09-30 21:32:38 - [MESSAGE][WARNING] - Timeout '0' is invalid. Using default page load timeout: '30'

2023-09-30 21:32:40 - [MESSAGE][PASSED] - Text 'qwerty123' has been set to element 'Object Repository/user_visit_login_page/user_input_password'

2023-09-30 21:32:40 - [MESSAGE][WARNING] - Timeout '0' is invalid. Using default page load timeout: '30'

2023-09-30 21:32:40 - [MESSAGE][PASSED] - Tapped on element 'Object Repository/user_visit_login_page/user_click_button_masuk'

2023-09-30 21:32:41 - [MESSAGE][WARNING] - Timeout '0' is invalid. Using default page load timeout: '30'

2023-09-30 21:32:42 - [MESSAGE][PASSED] - Element 'Object Repository/user_visit_login_page/user_cta_btn_keluar' is visible

2023-09-30 21:32:42 - [MESSAGE][WARNING] - Timeout '0' is invalid. Using default page load timeout: '30'

2023-09-30 21:32:42 - [MESSAGE][PASSED] - Element 'Object Repository/user_visit_akun_saya_page/button_pencil' is visible

2023-09-30 21:32:42 - [MESSAGE][WARNING] - Timeout '0' is invalid. Using default page load timeout: '30'

2023-09-30 21:32:42 - [MESSAGE][PASSED] - Tapped on element 'Object Repository/user_visit_akun_saya_page/button_pencil'

2023-09-30 21:32:42 - [MESSAGE][WARNING] - Timeout '0' is invalid. Using default page load timeout: '30'

2023-09-30 21:32:43 - [MESSAGE][PASSED] - Element 'Object Repository/user_edit_profile/field_edit_kota' is visible

2023-09-30 21:32:43 - [MESSAGE][WARNING] - Timeout '0' is invalid. Using default page load timeout: '30'

2023-09-30 21:32:43 - [MESSAGE][PASSED] - Tapped on element 'Object Repository/user_edit_profile/field_edit_kota'

2023-09-30 21:32:43 - [MESSAGE][WARNING] - Timeout '0' is invalid. Using default page load timeout: '30'

2023-09-30 21:32:44 - [MESSAGE][PASSED] - Element 'Object Repository/user_edit_profile/input_kota' is visible

2023-09-30 21:32:44 - [MESSAGE][WARNING] - Timeout '0' is invalid. Using default page load timeout: '30'

2023-09-30 21:32:44 - [MESSAGE][PASSED] - Element 'Object Repository/user_edit_profile/input_kota' text is cleared

2023-09-30 21:32:44 - [MESSAGE][INFO] - User set preference: ['appWaitActivity', '*']

2023-09-30 21:32:44 - [MESSAGE][INFO] - User set preference: ['appWaitforLaunch', 'false']

2023-09-30 21:32:44 - [MESSAGE][INFO] - User set preference: ['deviceId', '']

2023-09-30 21:32:52 - [MESSAGE][PASSED] - Started app at: '/Users/syaviraalatas/REZA/Bootcamp Binar Academy/QAE Quality Assurance Engineer/Challange Level Platinum/automation-mobile/Application/secondhand-24082023.apk'

2023-09-30 21:32:52 - [MESSAGE][WARNING] - Timeout '0' is invalid. Using default page load timeout: '30'

2023-09-30 21:32:55 - [MESSAGE][PASSED] - Tapped on element 'Object Repository/user_visit_homepage/user_click_akun_menu'

2023-09-30 21:32:55 - [MESSAGE][WARNING] - Timeout '0' is invalid. Using default page load timeout: '30'

2023-09-30 21:32:56 - [MESSAGE][PASSED] - Tapped on element 'Object Repository/user_visit_akun_menu/user_click_btn_masuk'

2023-09-30 21:32:56 - [MESSAGE][WARNING] - Timeout '0' is invalid. Using default page load timeout: '30'

2023-09-30 21:32:57 - [MESSAGE][PASSED] - Text 'maeve@gmail.com' has been set to element 'Object Repository/user_visit_login_page/user_iput_email'

2023-09-30 21:32:57 - [MESSAGE][WARNING] - Timeout '0' is invalid. Using default page load timeout: '30'

2023-09-30 21:32:59 - [MESSAGE][PASSED] - Text 'qwerty123' has been set to element 'Object Repository/user_visit_login_page/user_input_password'

2023-09-30 21:32:59 - [MESSAGE][WARNING] - Timeout '0' is invalid. Using default page load timeout: '30'

2023-09-30 21:33:00 - [MESSAGE][PASSED] - Tapped on element 'Object Repository/user_visit_login_page/user_click_button_masuk'

2023-09-30 21:33:00 - [MESSAGE][WARNING] - Timeout '0' is invalid. Using default page load timeout: '30'

2023-09-30 21:33:01 - [MESSAGE][PASSED] - Element 'Object Repository/user_visit_login_page/user_cta_btn_keluar' is visible

2023-09-30 21:33:01 - [MESSAGE][WARNING] - Timeout '0' is invalid. Using default page load timeout: '30'

2023-09-30 21:33:01 - [MESSAGE][PASSED] - Element 'Object Repository/user_visit_akun_saya_page/button_pencil' is visible

2023-09-30 21:33:01 - [MESSAGE][WARNING] - Timeout '0' is invalid. Using default page load timeout: '30'

2023-09-30 21:33:01 - [MESSAGE][PASSED] - Tapped on element 'Object Repository/user_visit_akun_saya_page/button_pencil'

2023-09-30 21:33:01 - [MESSAGE][WARNING] - Timeout '0' is invalid. Using default page load timeout: '30'

2023-09-30 21:33:02 - [MESSAGE][PASSED] - Element 'Object Repository/user_edit_profile/field_edit_alamat' is visible

2023-09-30 21:33:02 - [MESSAGE][WARNING] - Timeout '0' is invalid. Using default page load timeout: '30'

2023-09-30 21:33:02 - [MESSAGE][PASSED] - Tapped on element 'Object Repository/user_edit_profile/field_edit_alamat'

2023-09-30 21:33:02 - [MESSAGE][WARNING] - Timeout '0' is invalid. Using default page load timeout: '30'

2023-09-30 21:33:03 - [MESSAGE][PASSED] - Element 'Object Repository/user_edit_profile/input_alamat' is visible

2023-09-30 21:33:03 - [MESSAGE][WARNING] - Timeout '0' is invalid. Using default page load timeout: '30'

2023-09-30 21:33:03 - [MESSAGE][PASSED] - Element 'Object Repository/user_edit_profile/input_alamat' text is cleared

2023-09-30 21:33:03 - [MESSAGE][INFO] - User set preference: ['appWaitActivity', '*']

2023-09-30 21:33:03 - [MESSAGE][INFO] - User set preference: ['appWaitforLaunch', 'false']

2023-09-30 21:33:03 - [MESSAGE][INFO] - User set preference: ['deviceId', '']

2023-09-30 21:33:11 - [MESSAGE][PASSED] - Started app at: '/Users/syaviraalatas/REZA/Bootcamp Binar Academy/QAE Quality Assurance Engineer/Challange Level Platinum/automation-mobile/Application/secondhand-24082023.apk'

2023-09-30 21:33:11 - [MESSAGE][WARNING] - Timeout '0' is invalid. Using default page load timeout: '30'

2023-09-30 21:33:13 - [MESSAGE][PASSED] - Tapped on element 'Object Repository/user_visit_homepage/user_click_akun_menu'

2023-09-30 21:33:13 - [MESSAGE][WARNING] - Timeout '0' is invalid. Using default page load timeout: '30'

2023-09-30 21:33:14 - [MESSAGE][PASSED] - Tapped on element 'Object Repository/user_visit_akun_menu/user_click_btn_masuk'

2023-09-30 21:33:14 - [MESSAGE][WARNING] - Timeout '0' is invalid. Using default page load timeout: '30'

2023-09-30 21:33:15 - [MESSAGE][PASSED] - Text 'maeve@gmail.com' has been set to element 'Object Repository/user_visit_login_page/user_iput_email'

2023-09-30 21:33:15 - [MESSAGE][WARNING] - Timeout '0' is invalid. Using default page load timeout: '30'

2023-09-30 21:33:17 - [MESSAGE][PASSED] - Text 'qwerty123' has been set to element 'Object Repository/user_visit_login_page/user_input_password'

2023-09-30 21:33:17 - [MESSAGE][WARNING] - Timeout '0' is invalid. Using default page load timeout: '30'

2023-09-30 21:33:18 - [MESSAGE][PASSED] - Tapped on element 'Object Repository/user_visit_login_page/user_click_button_masuk'

2023-09-30 21:33:18 - [MESSAGE][WARNING] - Timeout '0' is invalid. Using default page load timeout: '30'

2023-09-30 21:33:19 - [MESSAGE][PASSED] - Element 'Object Repository/user_visit_login_page/user_cta_btn_keluar' is visible

2023-09-30 21:33:19 - [MESSAGE][WARNING] - Timeout '0' is invalid. Using default page load timeout: '30'

2023-09-30 21:33:19 - [MESSAGE][PASSED] - Tapped on element 'Object Repository/user_visit_homepage/click_button_jual'

2023-09-30 21:33:20 - [MESSAGE][WARNING] - Timeout '0' is invalid. Using default page load timeout: '30'

2023-09-30 21:33:20 - [MESSAGE][PASSED] - Element 'Object Repository/user_add_product/user_input_productname' is visible

2023-09-30 21:33:20 - [MESSAGE][WARNING] - Timeout '0' is invalid. Using default page load timeout: '30'

2023-09-30 21:33:20 - [MESSAGE][PASSED] - Element 'Object Repository/user_add_product/user_input_price' is visible

2023-09-30 21:33:20 - [MESSAGE][WARNING] - Timeout '0' is invalid. Using default page load timeout: '30'

2023-09-30 21:33:20 - [MESSAGE][PASSED] - Element 'Object Repository/user_add_product/user_select_category' is visible

2023-09-30 21:33:20 - [MESSAGE][WARNING] - Timeout '0' is invalid. Using default page load timeout: '30'

2023-09-30 21:33:20 - [MESSAGE][PASSED] - Element 'Object Repository/user_add_product/user_input_location' is visible

2023-09-30 21:33:21 - [MESSAGE][WARNING] - Timeout '0' is invalid. Using default page load timeout: '30'

2023-09-30 21:33:21 - [MESSAGE][PASSED] - Element 'Object Repository/user_add_product/user_input_description' is visible

2023-09-30 21:33:21 - [MESSAGE][WARNING] - Timeout '0' is invalid. Using default page load timeout: '30'

2023-09-30 21:33:21 - [MESSAGE][PASSED] - Element 'Object Repository/user_add_product/user_click_btn_image' is visible

2023-09-30 21:33:21 - [MESSAGE][WARNING] - Timeout '0' is invalid. Using default page load timeout: '30'

2023-09-30 21:33:22 - [MESSAGE][PASSED] - Text 'Gang4_Tas Laptop' has been set to element 'Object Repository/user_add_product/user_input_productname'

2023-09-30 21:33:22 - [MESSAGE][WARNING] - Timeout '0' is invalid. Using default page load timeout: '30'

2023-09-30 21:33:24 - [MESSAGE][PASSED] - Text '300000' has been set to element 'Object Repository/user_add_product/user_input_price'

2023-09-30 21:33:24 - [MESSAGE][WARNING] - Timeout '0' is invalid. Using default page load timeout: '30'

2023-09-30 21:33:25 - [MESSAGE][PASSED] - Text 'Bandung' has been set to element 'Object Repository/user_add_product/user_input_location'

2023-09-30 21:33:25 - [MESSAGE][WARNING] - Timeout '0' is invalid. Using default page load timeout: '30'

2023-09-30 21:33:27 - [MESSAGE][PASSED] - Text 'A practical laptop bag' has been set to element 'Object Repository/user_add_product/user_input_description'

2023-09-30 21:33:27 - [MESSAGE][WARNING] - Timeout '0' is invalid. Using default page load timeout: '30'

2023-09-30 21:33:28 - [MESSAGE][PASSED] - Tapped on element 'Object Repository/user_add_product/user_select_category'

2023-09-30 21:33:28 - [MESSAGE][WARNING] - Timeout '0' is invalid. Using default page load timeout: '30'

2023-09-30 21:33:29 - [MESSAGE][PASSED] - Tapped on element 'Object Repository/user_add_product/kategori_komputerdanAksesoris'

2023-09-30 21:33:29 - [MESSAGE][WARNING] - Timeout '0' is invalid. Using default page load timeout: '30'

2023-09-30 21:33:29 - [MESSAGE][PASSED] - Tapped on element 'Object Repository/user_add_product/user_click_btn_image'

2023-09-30 21:33:30 - [MESSAGE][WARNING] - Timeout '0' is invalid. Using default page load timeout: '30'

2023-09-30 21:33:30 - [MESSAGE][PASSED] - Tapped on element 'Object Repository/user_add_product/user_click_galeri'

2023-09-30 21:33:30 - [MESSAGE][WARNING] - Timeout '0' is invalid. Using default page load timeout: '30'

2023-09-30 21:33:31 - [MESSAGE][PASSED] - Tapped on element 'Object Repository/user_add_product/button_triple_line'

2023-09-30 21:33:32 - [MESSAGE][WARNING] - Timeout '0' is invalid. Using default page load timeout: '30'

2023-09-30 21:33:34 - [MESSAGE][PASSED] - Tapped on element 'Object Repository/user_add_product/folder_sd_emulator'

2023-09-30 21:33:34 - [MESSAGE][WARNING] - Timeout '0' is invalid. Using default page load timeout: '30'

2023-09-30 21:33:35 - [MESSAGE][PASSED] - Tapped on element 'Object Repository/user_add_product/folder_Talitha'

2023-09-30 21:33:35 - [MESSAGE][WARNING] - Timeout '0' is invalid. Using default page load timeout: '30'

2023-09-30 21:33:36 - [MESSAGE][PASSED] - Tapped on element 'Object Repository/user_add_product/gambar_tas_laptop'

2023-09-30 21:33:36 - [MESSAGE][WARNING] - Timeout '0' is invalid. Using default page load timeout: '30'

2023-09-30 21:33:37 - [MESSAGE][PASSED] - Element 'Object Repository/user_add_product/user_click_terbitkan' is present

2023-09-30 21:33:37 - [MESSAGE][WARNING] - Timeout '0' is invalid. Using default page load timeout: '30'

2023-09-30 21:33:37 - [MESSAGE][PASSED] - Tapped on element 'Object Repository/user_add_product/user_click_terbitkan'

2023-09-30 21:33:37 - [MESSAGE][WARNING] - Timeout '0' is invalid. Using default page load timeout: '30'

2023-09-30 21:33:39 - [MESSAGE][PASSED] - Element 'Object Repository/user_visit_daftar_jual_saya_page/daftarJualSaya_element' is visible

2023-09-30 21:33:42 - [MESSAGE][PASSED] - Delayed 3 second(s)

2023-09-30 21:33:43 - [MESSAGE][PASSED] - Close app successfully

2023-09-30 21:33:43 - [MESSAGE][INFO] - User set preference: ['appWaitActivity', '*']

2023-09-30 21:33:43 - [MESSAGE][INFO] - User set preference: ['appWaitforLaunch', 'false']

2023-09-30 21:33:43 - [MESSAGE][INFO] - User set preference: ['deviceId', '']

2023-09-30 21:33:44 - [MESSAGE][INFO] - Detected NodeJS location: "/usr/local/bin/node"

2023-09-30 21:33:45 - [MESSAGE][INFO] - Appium server started on port 53,799

2023-09-30 21:33:53 - [MESSAGE][PASSED] - Started app at: '/Users/syaviraalatas/REZA/Bootcamp Binar Academy/QAE Quality Assurance Engineer/Challange Level Platinum/automation-mobile/Application/secondhand-24082023.apk'

2023-09-30 21:33:53 - [MESSAGE][WARNING] - Timeout '0' is invalid. Using default page load timeout: '30'

2023-09-30 21:33:57 - [MESSAGE][PASSED] - Tapped on element 'Object Repository/user_visit_homepage/user_click_akun_menu'

2023-09-30 21:33:57 - [MESSAGE][WARNING] - Timeout '0' is invalid. Using default page load timeout: '30'

2023-09-30 21:33:58 - [MESSAGE][PASSED] - Tapped on element 'Object Repository/user_visit_akun_menu/user_click_btn_masuk'

2023-09-30 21:33:58 - [MESSAGE][WARNING] - Timeout '0' is invalid. Using default page load timeout: '30'

2023-09-30 21:34:00 - [MESSAGE][PASSED] - Text 'maeve@gmail.com' has been set to element 'Object Repository/user_visit_login_page/user_iput_email'

2023-09-30 21:34:00 - [MESSAGE][WARNING] - Timeout '0' is invalid. Using default page load timeout: '30'

2023-09-30 21:34:02 - [MESSAGE][PASSED] - Text 'qwerty123' has been set to element 'Object Repository/user_visit_login_page/user_input_password'

2023-09-30 21:34:02 - [MESSAGE][WARNING] - Timeout '0' is invalid. Using default page load timeout: '30'

2023-09-30 21:34:02 - [MESSAGE][PASSED] - Tapped on element 'Object Repository/user_visit_login_page/user_click_button_masuk'

2023-09-30 21:34:02 - [MESSAGE][WARNING] - Timeout '0' is invalid. Using default page load timeout: '30'

2023-09-30 21:34:04 - [MESSAGE][PASSED] - Element 'Object Repository/user_visit_login_page/user_cta_btn_keluar' is visible

2023-09-30 21:34:04 - [MESSAGE][WARNING] - Timeout '0' is invalid. Using default page load timeout: '30'

2023-09-30 21:34:04 - [MESSAGE][PASSED] - Tapped on element 'Object Repository/user_visit_homepage/click_button_jual'

2023-09-30 21:34:04 - [MESSAGE][WARNING] - Timeout '0' is invalid. Using default page load timeout: '30'

2023-09-30 21:34:05 - [MESSAGE][PASSED] - Element 'Object Repository/user_add_product/user_input_productname' is visible

2023-09-30 21:34:05 - [MESSAGE][WARNING] - Timeout '0' is invalid. Using default page load timeout: '30'

2023-09-30 21:34:05 - [MESSAGE][PASSED] - Element 'Object Repository/user_add_product/user_input_price' is visible

2023-09-30 21:34:05 - [MESSAGE][WARNING] - Timeout '0' is invalid. Using default page load timeout: '30'

2023-09-30 21:34:05 - [MESSAGE][PASSED] - Element 'Object Repository/user_add_product/user_select_category' is visible

2023-09-30 21:34:05 - [MESSAGE][WARNING] - Timeout '0' is invalid. Using default page load timeout: '30'

2023-09-30 21:34:05 - [MESSAGE][PASSED] - Element 'Object Repository/user_add_product/user_input_location' is visible

2023-09-30 21:34:05 - [MESSAGE][WARNING] - Timeout '0' is invalid. Using default page load timeout: '30'

2023-09-30 21:34:05 - [MESSAGE][PASSED] - Element 'Object Repository/user_add_product/user_input_description' is visible

2023-09-30 21:34:05 - [MESSAGE][WARNING] - Timeout '0' is invalid. Using default page load timeout: '30'

2023-09-30 21:34:05 - [MESSAGE][PASSED] - Element 'Object Repository/user_add_product/user_click_btn_image' is visible

2023-09-30 21:34:05 - [MESSAGE][WARNING] - Timeout '0' is invalid. Using default page load timeout: '30'

2023-09-30 21:34:06 - [MESSAGE][PASSED] - Text 'Samsung Phone Case' has been set to element 'Object Repository/user_add_product/user_input_productname'

2023-09-30 21:34:06 - [MESSAGE][WARNING] - Timeout '0' is invalid. Using default page load timeout: '30'

2023-09-30 21:34:08 - [MESSAGE][PASSED] - Text '50500' has been set to element 'Object Repository/user_add_product/user_input_price'

2023-09-30 21:34:08 - [MESSAGE][WARNING] - Timeout '0' is invalid. Using default page load timeout: '30'

2023-09-30 21:34:10 - [MESSAGE][PASSED] - Text 'Bandung' has been set to element 'Object Repository/user_add_product/user_input_location'

2023-09-30 21:34:10 - [MESSAGE][WARNING] - Timeout '0' is invalid. Using default page load timeout: '30'

2023-09-30 21:34:11 - [MESSAGE][PASSED] - Text 'A strong case' has been set to element 'Object Repository/user_add_product/user_input_description'

2023-09-30 21:34:11 - [MESSAGE][WARNING] - Timeout '0' is invalid. Using default page load timeout: '30'

2023-09-30 21:34:12 - [MESSAGE][PASSED] - Tapped on element 'Object Repository/user_add_product/user_select_category'

2023-09-30 21:34:12 - [MESSAGE][WARNING] - Timeout '0' is invalid. Using default page load timeout: '30'

2023-09-30 21:34:13 - [MESSAGE][PASSED] - Tapped on element 'Object Repository/user_add_product/kategori_hpdanAksesoris'

2023-09-30 21:34:14 - [MESSAGE][WARNING] - Timeout '0' is invalid. Using default page load timeout: '30'

2023-09-30 21:34:14 - [MESSAGE][PASSED] - Tapped on element 'Object Repository/user_add_product/user_click_btn_image'

2023-09-30 21:34:14 - [MESSAGE][WARNING] - Timeout '0' is invalid. Using default page load timeout: '30'

2023-09-30 21:34:14 - [MESSAGE][PASSED] - Tapped on element 'Object Repository/user_add_product/user_click_galeri'

2023-09-30 21:34:14 - [MESSAGE][WARNING] - Timeout '0' is invalid. Using default page load timeout: '30'

2023-09-30 21:34:16 - [MESSAGE][PASSED] - Tapped on element 'Object Repository/user_add_product/button_triple_line'

2023-09-30 21:34:16 - [MESSAGE][WARNING] - Timeout '0' is invalid. Using default page load timeout: '30'

2023-09-30 21:34:18 - [MESSAGE][PASSED] - Tapped on element 'Object Repository/user_add_product/folder_sd_emulator'

2023-09-30 21:34:18 - [MESSAGE][WARNING] - Timeout '0' is invalid. Using default page load timeout: '30'

2023-09-30 21:34:19 - [MESSAGE][PASSED] - Tapped on element 'Object Repository/user_add_product/folder_Talitha'

2023-09-30 21:34:20 - [MESSAGE][WARNING] - Timeout '0' is invalid. Using default page load timeout: '30'

2023-09-30 21:34:20 - [MESSAGE][PASSED] - Tapped on element 'Object Repository/user_add_product/gambar_samsung_case'

2023-09-30 21:34:20 - [MESSAGE][WARNING] - Timeout '0' is invalid. Using default page load timeout: '30'

2023-09-30 21:34:21 - [MESSAGE][PASSED] - Element 'Object Repository/user_add_product/user_click_preview' is present

2023-09-30 21:34:21 - [MESSAGE][WARNING] - Timeout '0' is invalid. Using default page load timeout: '30'

2023-09-30 21:34:22 - [MESSAGE][PASSED] - Tapped on element 'Object Repository/user_add_product/user_click_preview'

2023-09-30 21:34:22 - [MESSAGE][WARNING] - Timeout '0' is invalid. Using default page load timeout: '30'

2023-09-30 21:34:22 - [MESSAGE][PASSED] - Element 'Object Repository/user_add_product/preview page/user_click_previous_page' is visible

2023-09-30 21:34:25 - [MESSAGE][PASSED] - Delayed 3 second(s)

2023-09-30 21:34:26 - [MESSAGE][PASSED] - Close app successfully

2023-09-30 21:34:26 - [MESSAGE][INFO] - User set preference: ['appWaitActivity', '*']

2023-09-30 21:34:26 - [MESSAGE][INFO] - User set preference: ['appWaitforLaunch', 'false']

2023-09-30 21:34:26 - [MESSAGE][INFO] - User set preference: ['deviceId', '']

2023-09-30 21:34:27 - [MESSAGE][INFO] - Detected NodeJS location: "/usr/local/bin/node"

2023-09-30 21:34:28 - [MESSAGE][INFO] - Appium server started on port 53,961

2023-09-30 21:34:36 - [MESSAGE][PASSED] - Started app at: '/Users/syaviraalatas/REZA/Bootcamp Binar Academy/QAE Quality Assurance Engineer/Challange Level Platinum/automation-mobile/Application/secondhand-24082023.apk'

2023-09-30 21:34:36 - [MESSAGE][WARNING] - Timeout '0' is invalid. Using default page load timeout: '30'

2023-09-30 21:34:40 - [MESSAGE][PASSED] - Tapped on element 'Object Repository/user_visit_homepage/user_click_akun_menu'

2023-09-30 21:34:40 - [MESSAGE][WARNING] - Timeout '0' is invalid. Using default page load timeout: '30'

2023-09-30 21:34:40 - [MESSAGE][PASSED] - Tapped on element 'Object Repository/user_visit_akun_menu/user_click_btn_masuk'

2023-09-30 21:34:41 - [MESSAGE][WARNING] - Timeout '0' is invalid. Using default page load timeout: '30'

2023-09-30 21:34:42 - [MESSAGE][PASSED] - Text 'maeve@gmail.com' has been set to element 'Object Repository/user_visit_login_page/user_iput_email'

2023-09-30 21:34:42 - [MESSAGE][WARNING] - Timeout '0' is invalid. Using default page load timeout: '30'

2023-09-30 21:34:44 - [MESSAGE][PASSED] - Text 'qwerty123' has been set to element 'Object Repository/user_visit_login_page/user_input_password'

2023-09-30 21:34:44 - [MESSAGE][WARNING] - Timeout '0' is invalid. Using default page load timeout: '30'

2023-09-30 21:34:45 - [MESSAGE][PASSED] - Tapped on element 'Object Repository/user_visit_login_page/user_click_button_masuk'

2023-09-30 21:34:45 - [MESSAGE][WARNING] - Timeout '0' is invalid. Using default page load timeout: '30'

2023-09-30 21:34:46 - [MESSAGE][PASSED] - Element 'Object Repository/user_visit_login_page/user_cta_btn_keluar' is visible

2023-09-30 21:34:46 - [MESSAGE][WARNING] - Timeout '0' is invalid. Using default page load timeout: '30'

2023-09-30 21:34:47 - [MESSAGE][PASSED] - Tapped on element 'Object Repository/user_visit_homepage/click_button_jual'

2023-09-30 21:34:47 - [MESSAGE][WARNING] - Timeout '0' is invalid. Using default page load timeout: '30'

2023-09-30 21:34:47 - [MESSAGE][PASSED] - Element 'Object Repository/user_add_product/user_input_productname' is visible

2023-09-30 21:34:47 - [MESSAGE][WARNING] - Timeout '0' is invalid. Using default page load timeout: '30'

2023-09-30 21:34:47 - [MESSAGE][PASSED] - Element 'Object Repository/user_add_product/user_input_price' is visible

2023-09-30 21:34:47 - [MESSAGE][WARNING] - Timeout '0' is invalid. Using default page load timeout: '30'

2023-09-30 21:34:47 - [MESSAGE][PASSED] - Element 'Object Repository/user_add_product/user_select_category' is visible

2023-09-30 21:34:47 - [MESSAGE][WARNING] - Timeout '0' is invalid. Using default page load timeout: '30'

2023-09-30 21:34:48 - [MESSAGE][PASSED] - Element 'Object Repository/user_add_product/user_input_location' is visible

2023-09-30 21:34:48 - [MESSAGE][WARNING] - Timeout '0' is invalid. Using default page load timeout: '30'

2023-09-30 21:34:48 - [MESSAGE][PASSED] - Element 'Object Repository/user_add_product/user_input_description' is visible

2023-09-30 21:34:48 - [MESSAGE][WARNING] - Timeout '0' is invalid. Using default page load timeout: '30'

2023-09-30 21:34:48 - [MESSAGE][PASSED] - Element 'Object Repository/user_add_product/user_click_btn_image' is visible

2023-09-30 21:34:48 - [MESSAGE][WARNING] - Timeout '0' is invalid. Using default page load timeout: '30'

2023-09-30 21:34:48 - [MESSAGE][PASSED] - Text 'Black Leather Bag' has been set to element 'Object Repository/user_add_product/user_input_productname'

2023-09-30 21:34:49 - [MESSAGE][WARNING] - Timeout '0' is invalid. Using default page load timeout: '30'

2023-09-30 21:34:50 - [MESSAGE][PASSED] - Text '150000' has been set to element 'Object Repository/user_add_product/user_input_price'

2023-09-30 21:34:50 - [MESSAGE][WARNING] - Timeout '0' is invalid. Using default page load timeout: '30'

2023-09-30 21:34:52 - [MESSAGE][PASSED] - Text 'Bandung' has been set to element 'Object Repository/user_add_product/user_input_location'

2023-09-30 21:34:52 - [MESSAGE][WARNING] - Timeout '0' is invalid. Using default page load timeout: '30'

2023-09-30 21:34:53 - [MESSAGE][PASSED] - Text '' has been set to element 'Object Repository/user_add_product/user_input_description'

2023-09-30 21:34:53 - [MESSAGE][WARNING] - Timeout '0' is invalid. Using default page load timeout: '30'

2023-09-30 21:34:54 - [MESSAGE][PASSED] - Tapped on element 'Object Repository/user_add_product/user_select_category'

2023-09-30 21:34:54 - [MESSAGE][WARNING] - Timeout '0' is invalid. Using default page load timeout: '30'

2023-09-30 21:34:56 - [MESSAGE][PASSED] - Tapped on element 'Object Repository/user_add_product/kategori_tas_pria'

2023-09-30 21:34:56 - [MESSAGE][WARNING] - Timeout '0' is invalid. Using default page load timeout: '30'

2023-09-30 21:34:56 - [MESSAGE][PASSED] - Tapped on element 'Object Repository/user_add_product/user_click_btn_image'

2023-09-30 21:34:56 - [MESSAGE][WARNING] - Timeout '0' is invalid. Using default page load timeout: '30'

2023-09-30 21:34:57 - [MESSAGE][PASSED] - Tapped on element 'Object Repository/user_add_product/user_click_galeri'

2023-09-30 21:34:57 - [MESSAGE][WARNING] - Timeout '0' is invalid. Using default page load timeout: '30'

2023-09-30 21:34:58 - [MESSAGE][PASSED] - Tapped on element 'Object Repository/user_add_product/button_triple_line'

2023-09-30 21:34:58 - [MESSAGE][WARNING] - Timeout '0' is invalid. Using default page load timeout: '30'

2023-09-30 21:35:01 - [MESSAGE][PASSED] - Tapped on element 'Object Repository/user_add_product/folder_sd_emulator'

2023-09-30 21:35:01 - [MESSAGE][WARNING] - Timeout '0' is invalid. Using default page load timeout: '30'

2023-09-30 21:35:02 - [MESSAGE][PASSED] - Tapped on element 'Object Repository/user_add_product/folder_Talitha'

2023-09-30 21:35:02 - [MESSAGE][WARNING] - Timeout '0' is invalid. Using default page load timeout: '30'

2023-09-30 21:35:02 - [MESSAGE][PASSED] - Tapped on element 'Object Repository/user_add_product/gambar_tas_pria'

2023-09-30 21:35:03 - [MESSAGE][WARNING] - Timeout '0' is invalid. Using default page load timeout: '30'

2023-09-30 21:35:04 - [MESSAGE][PASSED] - Element 'Object Repository/user_add_product/user_click_terbitkan' is present

2023-09-30 21:35:04 - [MESSAGE][WARNING] - Timeout '0' is invalid. Using default page load timeout: '30'

2023-09-30 21:35:04 - [MESSAGE][PASSED] - Tapped on element 'Object Repository/user_add_product/user_click_terbitkan'

2023-09-30 21:35:04 - [MESSAGE][WARNING] - Timeout '0' is invalid. Using default page load timeout: '30'

2023-09-30 21:35:05 - [MESSAGE][PASSED] - Text of element 'Object Repository/user_add_product/warning_message_deskripsi' is: 'Deskripsi produk tidak boleh kosong'

2023-09-30 21:35:08 - [MESSAGE][PASSED] - Delayed 3 second(s)

2023-09-30 21:35:09 - [MESSAGE][PASSED] - Close app successfully

2023-09-30 21:35:09 - [MESSAGE][INFO] - User set preference: ['appWaitActivity', '*']

2023-09-30 21:35:09 - [MESSAGE][INFO] - User set preference: ['appWaitforLaunch', 'false']

2023-09-30 21:35:09 - [MESSAGE][INFO] - User set preference: ['deviceId', '']

2023-09-30 21:35:10 - [MESSAGE][INFO] - Detected NodeJS location: "/usr/local/bin/node"

2023-09-30 21:35:11 - [MESSAGE][INFO] - Appium server started on port 54,146

2023-09-30 21:35:19 - [MESSAGE][PASSED] - Started app at: '/Users/syaviraalatas/REZA/Bootcamp Binar Academy/QAE Quality Assurance Engineer/Challange Level Platinum/automation-mobile/Application/secondhand-24082023.apk'

2023-09-30 21:35:20 - [MESSAGE][WARNING] - Timeout '0' is invalid. Using default page load timeout: '30'

2023-09-30 21:35:23 - [MESSAGE][PASSED] - Tapped on element 'Object Repository/user_visit_homepage/user_click_akun_menu'

2023-09-30 21:35:23 - [MESSAGE][WARNING] - Timeout '0' is invalid. Using default page load timeout: '30'

2023-09-30 21:35:24 - [MESSAGE][PASSED] - Tapped on element 'Object Repository/user_visit_akun_menu/user_click_btn_masuk'

2023-09-30 21:35:24 - [MESSAGE][WARNING] - Timeout '0' is invalid. Using default page load timeout: '30'

2023-09-30 21:35:26 - [MESSAGE][PASSED] - Text 'maeve@gmail.com' has been set to element 'Object Repository/user_visit_login_page/user_iput_email'

2023-09-30 21:35:26 - [MESSAGE][WARNING] - Timeout '0' is invalid. Using default page load timeout: '30'

2023-09-30 21:35:28 - [MESSAGE][PASSED] - Text 'qwerty123' has been set to element 'Object Repository/user_visit_login_page/user_input_password'

2023-09-30 21:35:28 - [MESSAGE][WARNING] - Timeout '0' is invalid. Using default page load timeout: '30'

2023-09-30 21:35:28 - [MESSAGE][PASSED] - Tapped on element 'Object Repository/user_visit_login_page/user_click_button_masuk'

2023-09-30 21:35:28 - [MESSAGE][WARNING] - Timeout '0' is invalid. Using default page load timeout: '30'

2023-09-30 21:35:30 - [MESSAGE][PASSED] - Element 'Object Repository/user_visit_login_page/user_cta_btn_keluar' is visible

2023-09-30 21:35:30 - [MESSAGE][WARNING] - Timeout '0' is invalid. Using default page load timeout: '30'

2023-09-30 21:35:30 - [MESSAGE][PASSED] - Element 'Object Repository/user_visit_akun_saya_page/user_click_daftar_jual_saya' is present

2023-09-30 21:35:30 - [MESSAGE][WARNING] - Timeout '0' is invalid. Using default page load timeout: '30'

2023-09-30 21:35:30 - [MESSAGE][PASSED] - Tapped on element 'Object Repository/user_visit_akun_saya_page/user_click_daftar_jual_saya'

2023-09-30 21:35:30 - [MESSAGE][WARNING] - Timeout '0' is invalid. Using default page load timeout: '30'

2023-09-30 21:35:31 - [MESSAGE][PASSED] - Element 'Object Repository/user_visit_daftar_jual_saya_page/daftarJualSaya_element' is visible

2023-09-30 21:35:31 - [MESSAGE][WARNING] - Timeout '0' is invalid. Using default page load timeout: '30'

2023-09-30 21:35:32 - [MESSAGE][PASSED] - Element 'Object Repository/user_visit_daftar_jual_saya_page/click_productToEdit' is visible

2023-09-30 21:35:32 - [MESSAGE][WARNING] - Timeout '0' is invalid. Using default page load timeout: '30'

2023-09-30 21:35:33 - [MESSAGE][PASSED] - Tapped on element 'Object Repository/user_visit_daftar_jual_saya_page/click_productToEdit'

2023-09-30 21:35:33 - [MESSAGE][WARNING] - Timeout '0' is invalid. Using default page load timeout: '30'

2023-09-30 21:35:33 - [MESSAGE][PASSED] - Element 'Object Repository/user_edit_product/user_edit_productname' is visible

2023-09-30 21:35:33 - [MESSAGE][WARNING] - Timeout '0' is invalid. Using default page load timeout: '30'

2023-09-30 21:35:33 - [MESSAGE][PASSED] - Element 'Object Repository/user_edit_product/user_edit_price' is visible

2023-09-30 21:35:33 - [MESSAGE][WARNING] - Timeout '0' is invalid. Using default page load timeout: '30'

2023-09-30 21:35:33 - [MESSAGE][PASSED] - Element 'Object Repository/user_edit_product/user_edit_category' is visible

2023-09-30 21:35:33 - [MESSAGE][WARNING] - Timeout '0' is invalid. Using default page load timeout: '30'

2023-09-30 21:35:33 - [MESSAGE][PASSED] - Element 'Object Repository/user_edit_product/user_edit_location' is visible

2023-09-30 21:35:34 - [MESSAGE][WARNING] - Timeout '0' is invalid. Using default page load timeout: '30'

2023-09-30 21:35:34 - [MESSAGE][PASSED] - Element 'Object Repository/user_edit_product/user_edit_description' is visible

2023-09-30 21:35:34 - [MESSAGE][WARNING] - Timeout '0' is invalid. Using default page load timeout: '30'

2023-09-30 21:35:34 - [MESSAGE][PASSED] - Element 'Object Repository/user_edit_product/user_edit_image' is visible

2023-09-30 21:35:34 - [MESSAGE][WARNING] - Timeout '0' is invalid. Using default page load timeout: '30'

2023-09-30 21:35:36 - [MESSAGE][PASSED] - Text 'Tas kantor.' has been set to element 'Object Repository/user_edit_product/user_edit_description'

2023-09-30 21:35:39 - [MESSAGE][PASSED] - Delayed 3 second(s)

2023-09-30 21:35:39 - [MESSAGE][WARNING] - Timeout '0' is invalid. Using default page load timeout: '30'

2023-09-30 21:35:39 - [MESSAGE][PASSED] - Tapped on element 'Object Repository/user_edit_product/user_click_perbarui_produk'

2023-09-30 21:35:39 - [MESSAGE][WARNING] - Timeout '0' is invalid. Using default page load timeout: '30'

2023-09-30 21:35:40 - [MESSAGE][PASSED] - Element 'Object Repository/user_visit_daftar_jual_saya_page/daftarJualSaya_element' is present

2023-09-30 21:35:40 - [MESSAGE][WARNING] - Timeout '0' is invalid. Using default page load timeout: '30'

2023-09-30 21:35:40 - [MESSAGE][PASSED] - Element 'Object Repository/user_visit_daftar_jual_saya_page/click_productToEdit' is present

2023-09-30 21:35:40 - [MESSAGE][WARNING] - Timeout '0' is invalid. Using default page load timeout: '30'

2023-09-30 21:35:40 - [MESSAGE][PASSED] - Element 'Object Repository/user_visit_daftar_jual_saya_page/daftarJualSaya_element' is visible

2023-09-30 21:35:40 - [MESSAGE][WARNING] - Timeout '0' is invalid. Using default page load timeout: '30'

2023-09-30 21:35:40 - [MESSAGE][PASSED] - Element 'Object Repository/user_visit_daftar_jual_saya_page/click_productToEdit' is visible

2023-09-30 21:35:43 - [MESSAGE][PASSED] - Delayed 3 second(s)

2023-09-30 21:35:45 - [MESSAGE][PASSED] - Close app successfully

2023-09-30 21:35:45 - [MESSAGE][INFO] - User set preference: ['appWaitActivity', '*']

2023-09-30 21:35:45 - [MESSAGE][INFO] - User set preference: ['appWaitforLaunch', 'false']

2023-09-30 21:35:45 - [MESSAGE][INFO] - User set preference: ['deviceId', '']

2023-09-30 21:35:45 - [MESSAGE][INFO] - Detected NodeJS location: "/usr/local/bin/node"

2023-09-30 21:35:47 - [MESSAGE][INFO] - Appium server started on port 54,302

2023-09-30 21:35:57 - [MESSAGE][PASSED] - Started app at: '/Users/syaviraalatas/REZA/Bootcamp Binar Academy/QAE Quality Assurance Engineer/Challange Level Platinum/automation-mobile/Application/secondhand-24082023.apk'

2023-09-30 21:35:58 - [MESSAGE][WARNING] - Timeout '0' is invalid. Using default page load timeout: '30'

2023-09-30 21:35:59 - [MESSAGE][PASSED] - Tapped on element 'Object Repository/user_visit_homepage/user_click_akun_menu'

2023-09-30 21:35:59 - [MESSAGE][WARNING] - Timeout '0' is invalid. Using default page load timeout: '30'

2023-09-30 21:36:01 - [MESSAGE][PASSED] - Tapped on element 'Object Repository/user_visit_akun_menu/user_click_btn_masuk'

2023-09-30 21:36:01 - [MESSAGE][WARNING] - Timeout '0' is invalid. Using default page load timeout: '30'

[...]

2023-09-30 21:40:20 - [MESSAGE][WARNING] - Timeout '0' is invalid. Using default page load timeout: '30'

2023-09-30 21:40:22 - [MESSAGE][PASSED] - Text 'galadriel@gmail.com' has been set to element 'Object Repository/user_visit_login_page/user_iput_email'

2023-09-30 21:40:22 - [MESSAGE][WARNING] - Timeout '0' is invalid. Using default page load timeout: '30'

2023-09-30 21:40:23 - [MESSAGE][PASSED] - Text 'qwerty123' has been set to element 'Object Repository/user_visit_login_page/user_input_password'

2023-09-30 21:40:23 - [MESSAGE][WARNING] - Timeout '0' is invalid. Using default page load timeout: '30'

2023-09-30 21:40:24 - [MESSAGE][PASSED] - Tapped on element 'Object Repository/user_visit_login_page/user_click_button_masuk'

2023-09-30 21:40:24 - [MESSAGE][WARNING] - Timeout '0' is invalid. Using default page load timeout: '30'

2023-09-30 21:40:25 - [MESSAGE][PASSED] - Element 'Object Repository/user_visit_login_page/user_cta_btn_keluar' is visible

2023-09-30 21:40:26 - [MESSAGE][WARNING] - Timeout '0' is invalid. Using default page load timeout: '30'

2023-09-30 21:40:26 - [MESSAGE][PASSED] - Tapped on element 'Object Repository/user_visit_homepage/user_tap_btn_Beranda'

2023-09-30 21:40:26 - [MESSAGE][WARNING] - Timeout '0' is invalid. Using default page load timeout: '30'

2023-09-30 21:40:27 - [MESSAGE][PASSED] - Element 'Object Repository/user_visit_homepage/user_tap_search_box' is present

2023-09-30 21:40:27 - [MESSAGE][WARNING] - Timeout '0' is invalid. Using default page load timeout: '30'

2023-09-30 21:40:27 - [MESSAGE][PASSED] - Element 'Object Repository/user_visit_homepage/user_tap_search_box' is visible

2023-09-30 21:40:27 - [MESSAGE][PASSED] - Tapped on element 'Object Repository/user_visit_homepage/user_tap_search_box'

2023-09-30 21:40:27 - [MESSAGE][WARNING] - Timeout '0' is invalid. Using default page load timeout: '30'

2023-09-30 21:40:29 - [MESSAGE][PASSED] - Element 'Object Repository/user_visit_homepage/search_product_section/user_input_keyword' is visible

2023-09-30 21:40:29 - [MESSAGE][WARNING] - Timeout '0' is invalid. Using default page load timeout: '30'

2023-09-30 21:40:33 - [MESSAGE][PASSED] - Text 'Gang4_Tas Laptop' has been set to element 'Object Repository/user_visit_homepage/search_product_section/user_input_keyword'

2023-09-30 21:40:33 - [MESSAGE][WARNING] - Timeout '0' is invalid. Using default page load timeout: '30'

2023-09-30 21:40:36 - [MESSAGE][PASSED] - Element 'Object Repository/user_visit_homepage/search_product_section/user_see_search_result_product' is visible

2023-09-30 21:40:36 - [MESSAGE][WARNING] - Timeout '0' is invalid. Using default page load timeout: '30'

2023-09-30 21:40:36 - [MESSAGE][PASSED] - Tapped on element 'Object Repository/user_visit_homepage/search_product_section/user_see_search_result_product'

2023-09-30 21:40:36 - [MESSAGE][WARNING] - Timeout '0' is invalid. Using default page load timeout: '30'

2023-09-30 21:40:37 - [MESSAGE][PASSED] - Element 'Object Repository/user_offer_product/product_detail/product_detail_image' is visible

2023-09-30 21:40:37 - [MESSAGE][WARNING] - Timeout '0' is invalid. Using default page load timeout: '30'

2023-09-30 21:40:37 - [MESSAGE][PASSED] - Element 'Object Repository/user_offer_product/product_detail/product_detail_name' is visible

2023-09-30 21:40:37 - [MESSAGE][WARNING] - Timeout '0' is invalid. Using default page load timeout: '30'

2023-09-30 21:40:37 - [MESSAGE][PASSED] - Element 'Object Repository/user_offer_product/product_detail/product_detail_price' is visible

2023-09-30 21:40:37 - [MESSAGE][WARNING] - Timeout '0' is invalid. Using default page load timeout: '30'

2023-09-30 21:40:37 - [MESSAGE][PASSED] - Element 'Object Repository/user_offer_product/product_detail/product_detail_seller' is visible

2023-09-30 21:40:37 - [MESSAGE][WARNING] - Timeout '0' is invalid. Using default page load timeout: '30'

2023-09-30 21:40:37 - [MESSAGE][PASSED] - Element 'Object Repository/user_offer_product/product_detail/user_tap_btn_Saya_Tertarik' is visible

2023-09-30 21:40:37 - [MESSAGE][WARNING] - Timeout '0' is invalid. Using default page load timeout: '30'

2023-09-30 21:40:38 - [MESSAGE][PASSED] - Tapped on element 'Object Repository/user_offer_product/product_detail/user_tap_btn_Saya_Tertarik'

2023-09-30 21:40:38 - [MESSAGE][WARNING] - Timeout '0' is invalid. Using default page load timeout: '30'

2023-09-30 21:40:39 - [MESSAGE][PASSED] - Element 'Object Repository/user_offer_product/offer_box/offer_box_title' is present

2023-09-30 21:40:39 - [MESSAGE][WARNING] - Timeout '0' is invalid. Using default page load timeout: '30'

2023-09-30 21:40:39 - [MESSAGE][PASSED] - Element 'Object Repository/user_offer_product/offer_box/offer_box_title' is visible

2023-09-30 21:40:39 - [MESSAGE][WARNING] - Timeout '0' is invalid. Using default page load timeout: '30'

2023-09-30 21:40:39 - [MESSAGE][PASSED] - Element 'Object Repository/user_offer_product/offer_box/user_input_price' is visible

2023-09-30 21:40:39 - [MESSAGE][WARNING] - Timeout '0' is invalid. Using default page load timeout: '30'

2023-09-30 21:40:39 - [MESSAGE][PASSED] - Element 'Object Repository/user_offer_product/offer_box/user_tap_btn_Kirim' is visible

2023-09-30 21:40:40 - [MESSAGE][WARNING] - Timeout '0' is invalid. Using default page load timeout: '30'

2023-09-30 21:40:40 - [MESSAGE][PASSED] - Tapped on element 'Object Repository/user_offer_product/offer_box/user_input_price'

2023-09-30 21:40:40 - [MESSAGE][WARNING] - Timeout '0' is invalid. Using default page load timeout: '30'

2023-09-30 21:40:42 - [MESSAGE][PASSED] - Text '5000000' has been set to element 'Object Repository/user_offer_product/offer_box/user_input_price'

2023-09-30 21:40:43 - [MESSAGE][PASSED] - Press back button successfully

2023-09-30 21:40:43 - [MESSAGE][WARNING] - Timeout '0' is invalid. Using default page load timeout: '30'

2023-09-30 21:40:43 - [MESSAGE][PASSED] - Tapped on element 'Object Repository/user_offer_product/offer_box/user_tap_btn_Kirim'

2023-09-30 21:40:43 - [MESSAGE][INFO] - User set preference: ['appWaitActivity', '*']

2023-09-30 21:40:43 - [MESSAGE][INFO] - User set preference: ['appWaitforLaunch', 'false']

2023-09-30 21:40:43 - [MESSAGE][INFO] - User set preference: ['deviceId', '']

2023-09-30 21:40:52 - [MESSAGE][PASSED] - Started app at: '/Users/syaviraalatas/REZA/Bootcamp Binar Academy/QAE Quality Assurance Engineer/Challange Level Platinum/automation-mobile/Application/secondhand-24082023.apk'

2023-09-30 21:40:53 - [MESSAGE][WARNING] - Timeout '0' is invalid. Using default page load timeout: '30'

2023-09-30 21:40:56 - [MESSAGE][PASSED] - Tapped on element 'Object Repository/user_visit_homepage/user_click_akun_menu'

2023-09-30 21:40:56 - [MESSAGE][WARNING] - Timeout '0' is invalid. Using default page load timeout: '30'

2023-09-30 21:40:57 - [MESSAGE][PASSED] - Tapped on element 'Object Repository/user_visit_akun_menu/user_click_btn_masuk'

2023-09-30 21:40:57 - [MESSAGE][WARNING] - Timeout '0' is invalid. Using default page load timeout: '30'

2023-09-30 21:40:59 - [MESSAGE][PASSED] - Text 'maeve@gmail.com' has been set to element 'Object Repository/user_visit_login_page/user_iput_email'

2023-09-30 21:40:59 - [MESSAGE][WARNING] - Timeout '0' is invalid. Using default page load timeout: '30'

2023-09-30 21:41:01 - [MESSAGE][PASSED] - Text 'qwerty123' has been set to element 'Object Repository/user_visit_login_page/user_input_password'

2023-09-30 21:41:01 - [MESSAGE][WARNING] - Timeout '0' is invalid. Using default page load timeout: '30'

2023-09-30 21:41:02 - [MESSAGE][PASSED] - Tapped on element 'Object Repository/user_visit_login_page/user_click_button_masuk'

2023-09-30 21:41:02 - [MESSAGE][WARNING] - Timeout '0' is invalid. Using default page load timeout: '30'

2023-09-30 21:41:03 - [MESSAGE][PASSED] - Element 'Object Repository/user_visit_login_page/user_cta_btn_keluar' is visible

2023-09-30 21:41:03 - [MESSAGE][WARNING] - Timeout '0' is invalid. Using default page load timeout: '30'

2023-09-30 21:41:03 - [MESSAGE][PASSED] - Tapped on element 'Object Repository/user_response_offer/user_click_daftar_jual_saya'

2023-09-30 21:41:04 - [MESSAGE][WARNING] - Timeout '0' is invalid. Using default page load timeout: '30'

2023-09-30 21:41:06 - [MESSAGE][PASSED] - Tapped on element 'Object Repository/user_response_offer/user_click_diminati'

2023-09-30 21:41:06 - [MESSAGE][WARNING] - Timeout '0' is invalid. Using default page load timeout: '30'

2023-09-30 21:41:06 - [MESSAGE][PASSED] - Tapped on element 'Object Repository/user_response_offer/user_click_penawaran_produk'

2023-09-30 21:41:07 - [MESSAGE][WARNING] - Timeout '0' is invalid. Using default page load timeout: '30'

2023-09-30 21:41:07 - [MESSAGE][PASSED] - Tapped on element 'Object Repository/user_response_offer/user_click_terima'

2023-09-30 21:41:07 - [MESSAGE][WARNING] - Timeout '0' is invalid. Using default page load timeout: '30'

2023-09-30 21:41:07 - [MESSAGE][PASSED] - Element 'Object Repository/user_response_offer/user_accepted_offer' is present

2023-09-30 21:41:07 - [MESSAGE][INFO] - User set preference: ['appWaitActivity', '*']

2023-09-30 21:41:07 - [MESSAGE][INFO] - User set preference: ['appWaitforLaunch', 'false']

2023-09-30 21:41:07 - [MESSAGE][INFO] - User set preference: ['deviceId', '']

2023-09-30 21:41:16 - [MESSAGE][PASSED] - Started app at: '/Users/syaviraalatas/REZA/Bootcamp Binar Academy/QAE Quality Assurance Engineer/Challange Level Platinum/automation-mobile/Application/secondhand-24082023.apk'

2023-09-30 21:41:17 - [MESSAGE][WARNING] - Timeout '0' is invalid. Using default page load timeout: '30'

2023-09-30 21:41:19 - [MESSAGE][PASSED] - Tapped on element 'Object Repository/user_visit_homepage/user_click_akun_menu'

2023-09-30 21:41:19 - [MESSAGE][WARNING] - Timeout '0' is invalid. Using default page load timeout: '30'

2023-09-30 21:41:20 - [MESSAGE][PASSED] - Tapped on element 'Object Repository/user_visit_akun_menu/user_click_btn_masuk'

2023-09-30 21:41:20 - [MESSAGE][WARNING] - Timeout '0' is invalid. Using default page load timeout: '30'

2023-09-30 21:41:22 - [MESSAGE][PASSED] - Text 'maeve@gmail.com' has been set to element 'Object Repository/user_visit_login_page/user_iput_email'

2023-09-30 21:41:22 - [MESSAGE][WARNING] - Timeout '0' is invalid. Using default page load timeout: '30'

2023-09-30 21:41:23 - [MESSAGE][PASSED] - Text 'qwerty123' has been set to element 'Object Repository/user_visit_login_page/user_input_password'

2023-09-30 21:41:23 - [MESSAGE][WARNING] - Timeout '0' is invalid. Using default page load timeout: '30'

2023-09-30 21:41:24 - [MESSAGE][PASSED] - Tapped on element 'Object Repository/user_visit_login_page/user_click_button_masuk'

2023-09-30 21:41:24 - [MESSAGE][WARNING] - Timeout '0' is invalid. Using default page load timeout: '30'

2023-09-30 21:41:26 - [MESSAGE][PASSED] - Element 'Object Repository/user_visit_login_page/user_cta_btn_keluar' is visible

2023-09-30 21:41:26 - [MESSAGE][WARNING] - Timeout '0' is invalid. Using default page load timeout: '30'

2023-09-30 21:41:26 - [MESSAGE][PASSED] - Element 'Object Repository/user_visit_akun_saya_page/user_click_daftar_jual_saya' is present

2023-09-30 21:41:26 - [MESSAGE][WARNING] - Timeout '0' is invalid. Using default page load timeout: '30'

2023-09-30 21:41:26 - [MESSAGE][PASSED] - Tapped on element 'Object Repository/user_visit_akun_saya_page/user_click_daftar_jual_saya'

2023-09-30 21:41:26 - [MESSAGE][WARNING] - Timeout '0' is invalid. Using default page load timeout: '30'

2023-09-30 21:41:28 - [MESSAGE][PASSED] - Element 'Object Repository/user_visit_daftar_jual_saya_page/daftarJualSaya_element' is visible

2023-09-30 21:41:28 - [MESSAGE][WARNING] - Timeout '0' is invalid. Using default page load timeout: '30'

2023-09-30 21:41:28 - [MESSAGE][PASSED] - Element 'Object Repository/user_visit_daftar_jual_saya_page/click_productToEdit' is visible

2023-09-30 21:41:28 - [MESSAGE][WARNING] - Timeout '0' is invalid. Using default page load timeout: '30'

2023-09-30 21:41:28 - [MESSAGE][PASSED] - Element 'Object Repository/user_visit_daftar_jual_saya_page/button_trash_product' is visible

2023-09-30 21:41:28 - [MESSAGE][WARNING] - Timeout '0' is invalid. Using default page load timeout: '30'

2023-09-30 21:41:28 - [MESSAGE][PASSED] - Tapped on element 'Object Repository/user_visit_daftar_jual_saya_page/button_trash_product'

2023-09-30 21:41:28 - [MESSAGE][WARNING] - Timeout '0' is invalid. Using default page load timeout: '30'

2023-09-30 21:41:29 - [MESSAGE][PASSED] - Element 'Object Repository/user_delete_product/button_batalkan_hapus_product' is visible

2023-09-30 21:41:29 - [MESSAGE][WARNING] - Timeout '0' is invalid. Using default page load timeout: '30'

2023-09-30 21:41:29 - [MESSAGE][PASSED] - Tapped on element 'Object Repository/user_delete_product/button_batalkan_hapus_product'

2023-09-30 21:41:29 - [MESSAGE][WARNING] - Timeout '0' is invalid. Using default page load timeout: '30'

2023-09-30 21:41:30 - [MESSAGE][PASSED] - Element 'Object Repository/user_visit_daftar_jual_saya_page/click_productToEdit' is visible

2023-09-30 21:41:31 - [MESSAGE][PASSED] - Close app successfully

2023-09-30 21:41:31 - [MESSAGE][INFO] - User set preference: ['appWaitActivity', '*']

2023-09-30 21:41:31 - [MESSAGE][INFO] - User set preference: ['appWaitforLaunch', 'false']

2023-09-30 21:41:31 - [MESSAGE][INFO] - User set preference: ['deviceId', '']

2023-09-30 21:41:31 - [MESSAGE][INFO] - Detected NodeJS location: "/usr/local/bin/node"

2023-09-30 21:41:33 - [MESSAGE][INFO] - Appium server started on port 56,160

2023-09-30 21:41:42 - [MESSAGE][PASSED] - Started app at: '/Users/syaviraalatas/REZA/Bootcamp Binar Academy/QAE Quality Assurance Engineer/Challange Level Platinum/automation-mobile/Application/secondhand-24082023.apk'

2023-09-30 21:41:42 - [MESSAGE][WARNING] - Timeout '0' is invalid. Using default page load timeout: '30'

2023-09-30 21:41:46 - [MESSAGE][PASSED] - Tapped on element 'Object Repository/user_visit_homepage/user_click_akun_menu'

2023-09-30 21:41:46 - [MESSAGE][WARNING] - Timeout '0' is invalid. Using default page load timeout: '30'

2023-09-30 21:41:47 - [MESSAGE][PASSED] - Tapped on element 'Object Repository/user_visit_akun_menu/user_click_btn_masuk'

2023-09-30 21:41:47 - [MESSAGE][WARNING] - Timeout '0' is invalid. Using default page load timeout: '30'

2023-09-30 21:41:48 - [MESSAGE][PASSED] - Text 'maeve@gmail.com' has been set to element 'Object Repository/user_visit_login_page/user_iput_email'

2023-09-30 21:41:48 - [MESSAGE][WARNING] - Timeout '0' is invalid. Using default page load timeout: '30'

2023-09-30 21:41:50 - [MESSAGE][PASSED] - Text 'qwerty123' has been set to element 'Object Repository/user_visit_login_page/user_input_password'

2023-09-30 21:41:50 - [MESSAGE][WARNING] - Timeout '0' is invalid. Using default page load timeout: '30'

2023-09-30 21:41:50 - [MESSAGE][PASSED] - Tapped on element 'Object Repository/user_visit_login_page/user_click_button_masuk'

2023-09-30 21:41:50 - [MESSAGE][WARNING] - Timeout '0' is invalid. Using default page load timeout: '30'

2023-09-30 21:41:52 - [MESSAGE][PASSED] - Element 'Object Repository/user_visit_login_page/user_cta_btn_keluar' is visible

2023-09-30 21:41:52 - [MESSAGE][WARNING] - Timeout '0' is invalid. Using default page load timeout: '30'

2023-09-30 21:41:52 - [MESSAGE][PASSED] - Element 'Object Repository/user_visit_akun_saya_page/user_click_daftar_jual_saya' is present

2023-09-30 21:41:52 - [MESSAGE][WARNING] - Timeout '0' is invalid. Using default page load timeout: '30'

2023-09-30 21:41:52 - [MESSAGE][PASSED] - Tapped on element 'Object Repository/user_visit_akun_saya_page/user_click_daftar_jual_saya'

2023-09-30 21:41:52 - [MESSAGE][WARNING] - Timeout '0' is invalid. Using default page load timeout: '30'

2023-09-30 21:41:53 - [MESSAGE][PASSED] - Element 'Object Repository/user_visit_daftar_jual_saya_page/daftarJualSaya_element' is visible

2023-09-30 21:41:53 - [MESSAGE][WARNING] - Timeout '0' is invalid. Using default page load timeout: '30'

2023-09-30 21:41:54 - [MESSAGE][PASSED] - Element 'Object Repository/user_visit_daftar_jual_saya_page/click_productToEdit' is visible

2023-09-30 21:41:54 - [MESSAGE][WARNING] - Timeout '0' is invalid. Using default page load timeout: '30'

2023-09-30 21:41:54 - [MESSAGE][PASSED] - Element 'Object Repository/user_visit_daftar_jual_saya_page/button_trash_product' is visible

2023-09-30 21:41:54 - [MESSAGE][WARNING] - Timeout '0' is invalid. Using default page load timeout: '30'

2023-09-30 21:41:54 - [MESSAGE][PASSED] - Tapped on element 'Object Repository/user_visit_daftar_jual_saya_page/button_trash_product'

2023-09-30 21:41:54 - [MESSAGE][WARNING] - Timeout '0' is invalid. Using default page load timeout: '30'

2023-09-30 21:41:55 - [MESSAGE][PASSED] - Element 'Object Repository/user_delete_product/button_hapus_product' is visible

2023-09-30 21:41:55 - [MESSAGE][WARNING] - Timeout '0' is invalid. Using default page load timeout: '30'

2023-09-30 21:41:55 - [MESSAGE][PASSED] - Tapped on element 'Object Repository/user_delete_product/button_hapus_product'

2023-09-30 21:41:55 - [MESSAGE][INFO] - User set preference: ['appWaitActivity', '*']

2023-09-30 21:41:55 - [MESSAGE][INFO] - User set preference: ['appWaitforLaunch', 'false']

2023-09-30 21:41:55 - [MESSAGE][INFO] - User set preference: ['deviceId', '']

2023-09-30 21:42:04 - [MESSAGE][PASSED] - Started app at: '/Users/syaviraalatas/REZA/Bootcamp Binar Academy/QAE Quality Assurance Engineer/Challange Level Platinum/automation-mobile/Application/secondhand-24082023.apk'

2023-09-30 21:42:04 - [MESSAGE][WARNING] - Timeout '0' is invalid. Using default page load timeout: '30'

2023-09-30 21:42:08 - [MESSAGE][PASSED] - Tapped on element 'Object Repository/user_visit_homepage/user_click_akun_menu'

2023-09-30 21:42:08 - [MESSAGE][WARNING] - Timeout '0' is invalid. Using default page load timeout: '30'

2023-09-30 21:42:08 - [MESSAGE][PASSED] - Tapped on element 'Object Repository/user_visit_akun_menu/user_click_btn_masuk'

2023-09-30 21:42:08 - [MESSAGE][WARNING] - Timeout '0' is invalid. Using default page load timeout: '30'

2023-09-30 21:42:10 - [MESSAGE][PASSED] - Text 'galadriel@gmail.com' has been set to element 'Object Repository/user_visit_login_page/user_iput_email'

2023-09-30 21:42:10 - [MESSAGE][WARNING] - Timeout '0' is invalid. Using default page load timeout: '30'

2023-09-30 21:42:12 - [MESSAGE][PASSED] - Text 'qwerty123' has been set to element 'Object Repository/user_visit_login_page/user_input_password'

2023-09-30 21:42:12 - [MESSAGE][WARNING] - Timeout '0' is invalid. Using default page load timeout: '30'

2023-09-30 21:42:12 - [MESSAGE][PASSED] - Tapped on element 'Object Repository/user_visit_login_page/user_click_button_masuk'

2023-09-30 21:42:12 - [MESSAGE][WARNING] - Timeout '0' is invalid. Using default page load timeout: '30'

2023-09-30 21:42:14 - [MESSAGE][PASSED] - Element 'Object Repository/user_visit_login_page/user_cta_btn_keluar' is visible

2023-09-30 21:42:14 - [MESSAGE][WARNING] - Timeout '0' is invalid. Using default page load timeout: '30'

2023-09-30 21:42:14 - [MESSAGE][PASSED] - Tapped on element 'Object Repository/user_visit_login_page/user_cta_btn_keluar'

2023-09-30 21:42:14 - [MESSAGE][WARNING] - Timeout '0' is invalid. Using default page load timeout: '30'

2023-09-30 21:42:17 - [MESSAGE][PASSED] - Element 'Object Repository/user_visit_homepage/click_button_akun' is visible

2023-09-30 21:42:17 - [MESSAGE][PASSED] - Run with 'Runner' was passed]]></system-out>
         <system-err><![CDATA[]]></system-err>
      </testcase>
      <system-out><![CDATA[2023-09-30 21:27:17 - [TEST_SUITE][PASSED] - Kelompok 4: Test Cases/cucumber/cucumber]]></system-out>
      <system-err><![CDATA[]]></system-err>
   </testsuite>
</testsuites>
